#
# A fatal error has been detected by the Java Runtime Environment:
#
#  EXCEPTION_ACCESS_VIOLATION (0xc0000005) at pc=0x00007ffbb9be0543, pid=13096, tid=12348
#
# JRE version: OpenJDK Runtime Environment AdoptOpenJDK (11.0.8+10) (build 11.0.8+10)
# Java VM: OpenJDK 64-Bit Server VM AdoptOpenJDK (11.0.8+10, mixed mode, tiered, compressed oops, g1 gc, windows-amd64)
# Problematic frame:
# C  [ig9icd64.dll+0x40543]
#
# No core dump will be written. Minidumps are not enabled by default on client versions of Windows
#
# If you would like to submit a bug report, please visit:
#   https://github.com/AdoptOpenJDK/openjdk-support/issues
# The crash happened outside the Java Virtual Machine in native code.
# See problematic frame for where to report the bug.
#

---------------  S U M M A R Y ------------

Command Line: -Duser.language=es_AR -Dfile.encoding=UTF-8 org.uqbar.project.wollok.launch.WollokLauncher -requestsPort 0 -eventsPort 0 -folder -dontValidate -wf src/game.wpgm

Host: Intel(R) Core(TM) i3-6006U CPU @ 2.00GHz, 4 cores, 3G,  Windows 10 , 64 bit Build 18362 (10.0.18362.1082)
Time: Wed Oct  7 21:58:35 2020 Hora estándar de Argentina elapsed time: 306 seconds (0d 0h 5m 6s)

---------------  T H R E A D  ---------------

Current thread (0x000002547ee08000):  JavaThread "LWJGL Application" [_thread_in_native, id=12348, stack(0x0000008c3fd00000,0x0000008c3fe00000)]

Stack: [0x0000008c3fd00000,0x0000008c3fe00000],  sp=0x0000008c3fdfcc20,  free space=1011k
Native frames: (J=compiled Java code, j=interpreted, Vv=VM code, C=native code)
C  [ig9icd64.dll+0x40543]

Java frames: (J=compiled Java code, j=interpreted, Vv=VM code)
J 4497  org.lwjgl.opengl.GL11.nglDrawElements(IIIJJ)V (0 bytes) @ 0x0000025407cb4c96 [0x0000025407cb4c40+0x0000000000000056]
J 5112 c2 org.lwjgl.opengl.GL11.glDrawElements(ILjava/nio/ShortBuffer;)V (38 bytes) @ 0x0000025407e47e00 [0x0000025407e47d40+0x00000000000000c0]
J 5036 c2 com.badlogic.gdx.graphics.g2d.SpriteBatch.flush()V (193 bytes) @ 0x0000025407e3a0ec [0x0000025407e39c40+0x00000000000004ac]
J 5331 c2 org.uqbar.project.wollok.game.gameboard.GameboardRendering.render()V (26 bytes) @ 0x0000025407b06840 [0x0000025407b064e0+0x0000000000000360]
j  com.badlogic.gdx.backends.lwjgl.LwjglApplication.mainLoop()V+698
j  com.badlogic.gdx.backends.lwjgl.LwjglApplication$1.run()V+27
v  ~StubRoutines::call_stub

siginfo: EXCEPTION_ACCESS_VIOLATION (0xc0000005), reading address 0x0000000000000000


Register to memory mapping:

RIP=0x00007ffbb9be0543 ig9icd64.dll
RAX=0x0 is NULL
RBX=0x000002541003f680 points into unknown readable memory: ff ff ff ff ff ff ff ff
RCX=0x0 is NULL
RDX=0x000002541d79ee50 points into unknown readable memory: 20 4b 84 10 54 02 00 00
RSP=0x0000008c3fdfcc20 is pointing into the stack for thread: 0x000002547ee08000
RBP=0x00000254107f9460 points into unknown readable memory: 00 b0 21 10 54 02 00 00
RSI=0x000002541d79ee50 points into unknown readable memory: 20 4b 84 10 54 02 00 00
RDI=0x00000254107f9460 points into unknown readable memory: 00 b0 21 10 54 02 00 00
R8 =0x000002541d79ee50 points into unknown readable memory: 20 4b 84 10 54 02 00 00
R9 =0x0000025410bb4f80 points into unknown readable memory: 80 b9 07 12 54 02 00 00
R10=0x0 is NULL
R11=0x0000000000000246 is an unknown value
R12=0x0000025410be9278 points into unknown readable memory: 50 ee 79 1d 54 02 00 00
R13=0x00000254107f9460 points into unknown readable memory: 00 b0 21 10 54 02 00 00
R14=0x0000000000000001 is an unknown value
R15=0x0000025410be9210 points into unknown readable memory: 00 2e 5d ba fb 7f 00 00


Registers:
RAX=0x0000000000000000, RBX=0x000002541003f680, RCX=0x0000000000000000, RDX=0x000002541d79ee50
RSP=0x0000008c3fdfcc20, RBP=0x00000254107f9460, RSI=0x000002541d79ee50, RDI=0x00000254107f9460
R8 =0x000002541d79ee50, R9 =0x0000025410bb4f80, R10=0x0000000000000000, R11=0x0000000000000246
R12=0x0000025410be9278, R13=0x00000254107f9460, R14=0x0000000000000001, R15=0x0000025410be9210
RIP=0x00007ffbb9be0543, EFLAGS=0x0000000000010202

Top of Stack: (sp=0x0000008c3fdfcc20)
0x0000008c3fdfcc20:   0000025410bb4f80 00000254400a84c0
0x0000008c3fdfcc30:   0000000000000000 0000000000000000
0x0000008c3fdfcc40:   0000000000000001 00007ffbb9bc7517
0x0000008c3fdfcc50:   000002541d79ee50 000002541003f680
0x0000008c3fdfcc60:   0000025410844b20 00007ffbb9bdd5f7
0x0000008c3fdfcc70:   000002541e026200 00000254107f9460
0x0000008c3fdfcc80:   000002541e026200 000002541e0262c8
0x0000008c3fdfcc90:   0000025410844b20 0000000000000001
0x0000008c3fdfcca0:   0000025410844b20 00000254107f9460
0x0000008c3fdfccb0:   0000000000000000 00000254107f9460
0x0000008c3fdfccc0:   000002541d79ee70 00007ffbb9bc5442
0x0000008c3fdfccd0:   000002541e026200 000002541003f680
0x0000008c3fdfcce0:   000002541d9e1300 0000000000000000
0x0000008c3fdfccf0:   0000000000000000 0000025400000000
0x0000008c3fdfcd00:   0000000000000000 0000000000000000
0x0000008c3fdfcd10:   0000025410be9210 0000000000000001 

Instructions: (pc=0x00007ffbb9be0543)
0x00007ffbb9be0443:   00 48 8b 05 55 21 c3 00 4c 8d 44 24 30 c7 44 24
0x00007ffbb9be0453:   30 48 03 00 00 33 db 33 d2 33 c9 48 8b 80 38 14
0x00007ffbb9be0463:   00 00 44 8d 4b 01 ff 15 19 b2 9d 00 85 c0 74 33
0x00007ffbb9be0473:   f6 84 24 74 01 00 00 04 75 4c 48 8b 05 1c 21 c3
0x00007ffbb9be0483:   00 4c 8d 44 24 30 ff c3 41 b9 01 00 00 00 8b d3
0x00007ffbb9be0493:   33 c9 48 8b 80 38 14 00 00 ff 15 e6 b1 9d 00 85
0x00007ffbb9be04a3:   c0 75 cd 33 c0 48 8b 8c 24 80 03 00 00 48 33 cc
0x00007ffbb9be04b3:   e8 08 93 8e 00 48 8b 9c 24 a8 03 00 00 48 81 c4
0x00007ffbb9be04c3:   90 03 00 00 5f c3 4c 8d 44 24 34 ba 20 00 00 00
0x00007ffbb9be04d3:   48 8b cf e8 59 64 8f 00 b8 01 00 00 00 eb c6 cc
0x00007ffbb9be04e3:   cc cc cc cc cc cc cc cc cc cc cc cc cc 48 85 d2
0x00007ffbb9be04f3:   0f 84 f4 00 00 00 48 89 5c 24 08 48 89 74 24 18
0x00007ffbb9be0503:   57 48 83 ec 20 48 8b f2 48 8b f9 48 8b 1d 03 fa
0x00007ffbb9be0513:   e0 00 48 89 5c 24 38 48 8b cb ff 15 ad ad 9d 00
0x00007ffbb9be0523:   90 48 8b 87 90 02 00 00 48 89 86 90 04 00 00 48
0x00007ffbb9be0533:   89 b7 90 02 00 00 ff 87 98 02 00 00 48 8b 4e 08
0x00007ffbb9be0543:   48 8b 01 ba 01 00 00 00 48 8b 80 d0 02 00 00 ff
0x00007ffbb9be0553:   15 30 b1 9d 00 48 01 87 b0 02 00 00 48 8b 4e 08
0x00007ffbb9be0563:   48 8b 01 ba 01 00 00 00 48 8b 80 d0 02 00 00 ff
0x00007ffbb9be0573:   15 10 b1 9d 00 0f b7 c8 48 8b 97 a0 02 00 00 48
0x00007ffbb9be0583:   2b d1 48 8d 88 00 00 01 00 48 03 ca 48 89 8f a0
0x00007ffbb9be0593:   02 00 00 48 8b 87 10 03 00 00 48 03 87 b0 02 00
0x00007ffbb9be05a3:   00 48 8b 15 f5 1f c3 00 48 3b 82 c8 06 00 00 77
0x00007ffbb9be05b3:   10 48 03 8f 18 03 00 00 48 3b 8a d0 06 00 00 76
0x00007ffbb9be05c3:   11 45 33 c9 45 33 c0 48 8b d7 33 c9 e8 3c 01 00
0x00007ffbb9be05d3:   00 90 48 8b cb ff 15 ea ac 9d 00 48 8b 5c 24 30
0x00007ffbb9be05e3:   48 8b 74 24 40 48 83 c4 20 5f c3 cc cc cc cc cc
0x00007ffbb9be05f3:   cc cc cc cc cc cc cc cc cc cc cc cc cc 48 89 5c
0x00007ffbb9be0603:   24 10 48 89 6c 24 18 48 89 74 24 20 57 48 83 ec
0x00007ffbb9be0613:   20 48 8b f2 48 8b e9 48 8b 1d f7 f8 e0 00 48 89
0x00007ffbb9be0623:   5c 24 30 48 8b cb ff 15 a1 ac 9d 00 90 48 8b bd
0x00007ffbb9be0633:   90 02 00 00 33 c0 48 85 ff 74 16 66 90 48 3b fe 


Stack slot to memory mapping:
stack at sp + 0 slots: 0x0000025410bb4f80 points into unknown readable memory: 80 b9 07 12 54 02 00 00
stack at sp + 1 slots: 0x00000254400a84c0 is an unknown value
stack at sp + 2 slots: 0x0 is NULL
stack at sp + 3 slots: 0x0 is NULL
stack at sp + 4 slots: 0x0000000000000001 is an unknown value
stack at sp + 5 slots: 0x00007ffbb9bc7517 ig9icd64.dll
stack at sp + 6 slots: 0x000002541d79ee50 points into unknown readable memory: 20 4b 84 10 54 02 00 00
stack at sp + 7 slots: 0x000002541003f680 points into unknown readable memory: ff ff ff ff ff ff ff ff


---------------  P R O C E S S  ---------------

Threads class SMR info:
_java_thread_list=0x000002547f2427d0, length=14, elements={
0x0000025471018800, 0x000002547e094000, 0x000002547e08d800, 0x000002547e0de800,
0x000002547e0df800, 0x000002547e0ed000, 0x000002547ea13800, 0x000002547ea18000,
0x000002547eb85000, 0x000002547eb8a000, 0x000002547f33b000, 0x000002540f954000,
0x000002547ee08000, 0x00000254101a8000
}

Java Threads: ( => current thread )
  0x0000025471018800 JavaThread "main" [_thread_blocked, id=3760, stack(0x0000008c3ec00000,0x0000008c3ed00000)]
  0x000002547e094000 JavaThread "Reference Handler" daemon [_thread_blocked, id=11920, stack(0x0000008c3f300000,0x0000008c3f400000)]
  0x000002547e08d800 JavaThread "Finalizer" daemon [_thread_blocked, id=7060, stack(0x0000008c3f400000,0x0000008c3f500000)]
  0x000002547e0de800 JavaThread "Signal Dispatcher" daemon [_thread_blocked, id=8140, stack(0x0000008c3f500000,0x0000008c3f600000)]
  0x000002547e0df800 JavaThread "Attach Listener" daemon [_thread_blocked, id=7876, stack(0x0000008c3f600000,0x0000008c3f700000)]
  0x000002547e0ed000 JavaThread "C2 CompilerThread0" daemon [_thread_blocked, id=2788, stack(0x0000008c3f700000,0x0000008c3f800000)]
  0x000002547ea13800 JavaThread "C1 CompilerThread0" daemon [_thread_blocked, id=5620, stack(0x0000008c3f800000,0x0000008c3f900000)]
  0x000002547ea18000 JavaThread "Sweeper thread" daemon [_thread_blocked, id=9260, stack(0x0000008c3f900000,0x0000008c3fa00000)]
  0x000002547eb85000 JavaThread "Service Thread" daemon [_thread_blocked, id=8980, stack(0x0000008c3fa00000,0x0000008c3fb00000)]
  0x000002547eb8a000 JavaThread "Common-Cleaner" daemon [_thread_blocked, id=11580, stack(0x0000008c3fc00000,0x0000008c3fd00000)]
  0x000002547f33b000 JavaThread "EMF Reference Cleaner" daemon [_thread_blocked, id=2176, stack(0x0000008c3ff00000,0x0000008c40000000)]
  0x000002540f954000 JavaThread "com.google.inject.internal.util.$Finalizer" daemon [_thread_blocked, id=10992, stack(0x0000008c40000000,0x0000008c40100000)]
=>0x000002547ee08000 JavaThread "LWJGL Application" [_thread_in_native, id=12348, stack(0x0000008c3fd00000,0x0000008c3fe00000)]
  0x00000254101a8000 JavaThread "LWJGL Timer" daemon [_thread_blocked, id=2328, stack(0x0000008c40a00000,0x0000008c40b00000)]

Other Threads:
  0x000002547e05d800 VMThread "VM Thread" [stack: 0x0000008c3f200000,0x0000008c3f300000] [id=3188]
  0x000002547eb73000 WatcherThread [stack: 0x0000008c3fb00000,0x0000008c3fc00000] [id=104]
  0x0000025471032000 GCTaskThread "GC Thread#0" [stack: 0x0000008c3ed00000,0x0000008c3ee00000] [id=9984]
  0x000002547f2c7800 GCTaskThread "GC Thread#1" [stack: 0x0000008c3fe00000,0x0000008c3ff00000] [id=2596]
  0x000002541217f000 GCTaskThread "GC Thread#2" [stack: 0x0000008c40800000,0x0000008c40900000] [id=10984]
  0x00000254127a4800 GCTaskThread "GC Thread#3" [stack: 0x0000008c40900000,0x0000008c40a00000] [id=13064]
  0x000002547104d000 ConcurrentGCThread "G1 Main Marker" [stack: 0x0000008c3ee00000,0x0000008c3ef00000] [id=7544]
  0x000002547104f000 ConcurrentGCThread "G1 Conc#0" [stack: 0x0000008c3ef00000,0x0000008c3f000000] [id=9612]
  0x00000254710a9000 ConcurrentGCThread "G1 Refine#0" [stack: 0x0000008c3f000000,0x0000008c3f100000] [id=6680]
  0x00000254710aa000 ConcurrentGCThread "G1 Young RemSet Sampling" [stack: 0x0000008c3f100000,0x0000008c3f200000] [id=9040]

Threads with active compile tasks:

VM state:not at safepoint (normal execution)

VM Mutex/Monitor currently owned by a thread: None

Heap address: 0x00000000c1400000, size: 1004 MB, Compressed Oops mode: 32-bit
Narrow klass base: 0x0000000000000000, Narrow klass shift: 3
Compressed class space size: 1073741824 Address: 0x0000000100000000

Heap:
 garbage-first heap   total 256000K, used 73311K [0x00000000c1400000, 0x0000000100000000)
  region size 1024K, 52 young (53248K), 1 survivors (1024K)
 Metaspace       used 29475K, capacity 29751K, committed 29952K, reserved 1075200K
  class space    used 3140K, capacity 3216K, committed 3328K, reserved 1048576K
Heap Regions: E=young(eden), S=young(survivor), O=old, HS=humongous(starts), HC=humongous(continues), CS=collection set, F=free, A=archive, TAMS=top-at-mark-start (previous, next)
|   0|0x00000000c1400000, 0x00000000c1500000, 0x00000000c1500000|100%| O|  |TAMS 0x00000000c1500000, 0x00000000c1400000| Untracked 
|   1|0x00000000c1500000, 0x00000000c1600000, 0x00000000c1600000|100%| O|  |TAMS 0x00000000c1600000, 0x00000000c1500000| Untracked 
|   2|0x00000000c1600000, 0x00000000c1700000, 0x00000000c1700000|100%| O|  |TAMS 0x00000000c1700000, 0x00000000c1600000| Untracked 
|   3|0x00000000c1700000, 0x00000000c1800000, 0x00000000c1800000|100%| O|  |TAMS 0x00000000c1800000, 0x00000000c1700000| Untracked 
|   4|0x00000000c1800000, 0x00000000c1900000, 0x00000000c1900000|100%| O|  |TAMS 0x00000000c1900000, 0x00000000c1800000| Untracked 
|   5|0x00000000c1900000, 0x00000000c1a00000, 0x00000000c1a00000|100%| O|  |TAMS 0x00000000c1a00000, 0x00000000c1900000| Untracked 
|   6|0x00000000c1a00000, 0x00000000c1b00000, 0x00000000c1b00000|100%| O|  |TAMS 0x00000000c1b00000, 0x00000000c1a00000| Untracked 
|   7|0x00000000c1b00000, 0x00000000c1c00000, 0x00000000c1c00000|100%| O|  |TAMS 0x00000000c1c00000, 0x00000000c1b00000| Untracked 
|   8|0x00000000c1c00000, 0x00000000c1d00000, 0x00000000c1d00000|100%| O|  |TAMS 0x00000000c1d00000, 0x00000000c1c00000| Untracked 
|   9|0x00000000c1d00000, 0x00000000c1e00000, 0x00000000c1e00000|100%| O|  |TAMS 0x00000000c1e00000, 0x00000000c1d00000| Untracked 
|  10|0x00000000c1e00000, 0x00000000c1f00000, 0x00000000c1f00000|100%| O|  |TAMS 0x00000000c1f00000, 0x00000000c1e00000| Untracked 
|  11|0x00000000c1f00000, 0x00000000c2000000, 0x00000000c2000000|100%| O|  |TAMS 0x00000000c2000000, 0x00000000c1f00000| Untracked 
|  12|0x00000000c2000000, 0x00000000c2100000, 0x00000000c2100000|100%| O|  |TAMS 0x00000000c2100000, 0x00000000c2000000| Untracked 
|  13|0x00000000c2100000, 0x00000000c2200000, 0x00000000c2200000|100%| O|  |TAMS 0x00000000c2200000, 0x00000000c2100000| Untracked 
|  14|0x00000000c2200000, 0x00000000c2300000, 0x00000000c2300000|100%| O|  |TAMS 0x00000000c2300000, 0x00000000c2200000| Untracked 
|  15|0x00000000c2300000, 0x00000000c2400000, 0x00000000c2400000|100%| O|  |TAMS 0x00000000c2400000, 0x00000000c2300000| Untracked 
|  16|0x00000000c2400000, 0x00000000c2500000, 0x00000000c2500000|100%| O|  |TAMS 0x00000000c2500000, 0x00000000c2400000| Untracked 
|  17|0x00000000c2500000, 0x00000000c2600000, 0x00000000c2600000|100%| O|  |TAMS 0x00000000c2500000, 0x00000000c2500000| Untracked 
|  18|0x00000000c2600000, 0x00000000c2700000, 0x00000000c2700000|100%| O|  |TAMS 0x00000000c2600000, 0x00000000c2600000| Untracked 
|  19|0x00000000c2700000, 0x00000000c2800000, 0x00000000c2800000|100%| O|  |TAMS 0x00000000c2700000, 0x00000000c2700000| Untracked 
|  20|0x00000000c2800000, 0x00000000c2900000, 0x00000000c2900000|100%| O|  |TAMS 0x00000000c2800000, 0x00000000c2800000| Untracked 
|  21|0x00000000c2900000, 0x00000000c2996600, 0x00000000c2a00000| 58%| O|  |TAMS 0x00000000c2900000, 0x00000000c2900000| Untracked 
|  22|0x00000000c2a00000, 0x00000000c2a00000, 0x00000000c2b00000|  0%| F|  |TAMS 0x00000000c2a00000, 0x00000000c2a00000| Untracked 
|  23|0x00000000c2b00000, 0x00000000c2b00000, 0x00000000c2c00000|  0%| F|  |TAMS 0x00000000c2b00000, 0x00000000c2b00000| Untracked 
|  24|0x00000000c2c00000, 0x00000000c2c00000, 0x00000000c2d00000|  0%| F|  |TAMS 0x00000000c2c00000, 0x00000000c2c00000| Untracked 
|  25|0x00000000c2d00000, 0x00000000c2d00000, 0x00000000c2e00000|  0%| F|  |TAMS 0x00000000c2d00000, 0x00000000c2d00000| Untracked 
|  26|0x00000000c2e00000, 0x00000000c2e00000, 0x00000000c2f00000|  0%| F|  |TAMS 0x00000000c2e00000, 0x00000000c2e00000| Untracked 
|  27|0x00000000c2f00000, 0x00000000c2f00000, 0x00000000c3000000|  0%| F|  |TAMS 0x00000000c2f00000, 0x00000000c2f00000| Untracked 
|  28|0x00000000c3000000, 0x00000000c3000000, 0x00000000c3100000|  0%| F|  |TAMS 0x00000000c3000000, 0x00000000c3000000| Untracked 
|  29|0x00000000c3100000, 0x00000000c3100000, 0x00000000c3200000|  0%| F|  |TAMS 0x00000000c3100000, 0x00000000c3100000| Untracked 
|  30|0x00000000c3200000, 0x00000000c3200000, 0x00000000c3300000|  0%| F|  |TAMS 0x00000000c3200000, 0x00000000c3200000| Untracked 
|  31|0x00000000c3300000, 0x00000000c3300000, 0x00000000c3400000|  0%| F|  |TAMS 0x00000000c3300000, 0x00000000c3300000| Untracked 
|  32|0x00000000c3400000, 0x00000000c3400000, 0x00000000c3500000|  0%| F|  |TAMS 0x00000000c3400000, 0x00000000c3400000| Untracked 
|  33|0x00000000c3500000, 0x00000000c3500000, 0x00000000c3600000|  0%| F|  |TAMS 0x00000000c3500000, 0x00000000c3500000| Untracked 
|  34|0x00000000c3600000, 0x00000000c3600000, 0x00000000c3700000|  0%| F|  |TAMS 0x00000000c3600000, 0x00000000c3600000| Untracked 
|  35|0x00000000c3700000, 0x00000000c3700000, 0x00000000c3800000|  0%| F|  |TAMS 0x00000000c3700000, 0x00000000c3700000| Untracked 
|  36|0x00000000c3800000, 0x00000000c3800000, 0x00000000c3900000|  0%| F|  |TAMS 0x00000000c3800000, 0x00000000c3800000| Untracked 
|  37|0x00000000c3900000, 0x00000000c3900000, 0x00000000c3a00000|  0%| F|  |TAMS 0x00000000c3900000, 0x00000000c3900000| Untracked 
|  38|0x00000000c3a00000, 0x00000000c3a00000, 0x00000000c3b00000|  0%| F|  |TAMS 0x00000000c3a00000, 0x00000000c3a00000| Untracked 
|  39|0x00000000c3b00000, 0x00000000c3b00000, 0x00000000c3c00000|  0%| F|  |TAMS 0x00000000c3b00000, 0x00000000c3b00000| Untracked 
|  40|0x00000000c3c00000, 0x00000000c3c00000, 0x00000000c3d00000|  0%| F|  |TAMS 0x00000000c3c00000, 0x00000000c3c00000| Untracked 
|  41|0x00000000c3d00000, 0x00000000c3d00000, 0x00000000c3e00000|  0%| F|  |TAMS 0x00000000c3d00000, 0x00000000c3d00000| Untracked 
|  42|0x00000000c3e00000, 0x00000000c3e00000, 0x00000000c3f00000|  0%| F|  |TAMS 0x00000000c3e00000, 0x00000000c3e00000| Untracked 
|  43|0x00000000c3f00000, 0x00000000c3f00000, 0x00000000c4000000|  0%| F|  |TAMS 0x00000000c3f00000, 0x00000000c3f00000| Untracked 
|  44|0x00000000c4000000, 0x00000000c4000000, 0x00000000c4100000|  0%| F|  |TAMS 0x00000000c4000000, 0x00000000c4000000| Untracked 
|  45|0x00000000c4100000, 0x00000000c4100000, 0x00000000c4200000|  0%| F|  |TAMS 0x00000000c4100000, 0x00000000c4100000| Untracked 
|  46|0x00000000c4200000, 0x00000000c4200000, 0x00000000c4300000|  0%| F|  |TAMS 0x00000000c4200000, 0x00000000c4200000| Untracked 
|  47|0x00000000c4300000, 0x00000000c4300000, 0x00000000c4400000|  0%| F|  |TAMS 0x00000000c4300000, 0x00000000c4300000| Untracked 
|  48|0x00000000c4400000, 0x00000000c4400000, 0x00000000c4500000|  0%| F|  |TAMS 0x00000000c4400000, 0x00000000c4400000| Untracked 
|  49|0x00000000c4500000, 0x00000000c4500000, 0x00000000c4600000|  0%| F|  |TAMS 0x00000000c4500000, 0x00000000c4500000| Untracked 
|  50|0x00000000c4600000, 0x00000000c4600000, 0x00000000c4700000|  0%| F|  |TAMS 0x00000000c4600000, 0x00000000c4600000| Untracked 
|  51|0x00000000c4700000, 0x00000000c4700000, 0x00000000c4800000|  0%| F|  |TAMS 0x00000000c4700000, 0x00000000c4700000| Untracked 
|  52|0x00000000c4800000, 0x00000000c4800000, 0x00000000c4900000|  0%| F|  |TAMS 0x00000000c4800000, 0x00000000c4800000| Untracked 
|  53|0x00000000c4900000, 0x00000000c4900000, 0x00000000c4a00000|  0%| F|  |TAMS 0x00000000c4900000, 0x00000000c4900000| Untracked 
|  54|0x00000000c4a00000, 0x00000000c4a00000, 0x00000000c4b00000|  0%| F|  |TAMS 0x00000000c4a00000, 0x00000000c4a00000| Untracked 
|  55|0x00000000c4b00000, 0x00000000c4b00000, 0x00000000c4c00000|  0%| F|  |TAMS 0x00000000c4b00000, 0x00000000c4b00000| Untracked 
|  56|0x00000000c4c00000, 0x00000000c4c00000, 0x00000000c4d00000|  0%| F|  |TAMS 0x00000000c4c00000, 0x00000000c4c00000| Untracked 
|  57|0x00000000c4d00000, 0x00000000c4d00000, 0x00000000c4e00000|  0%| F|  |TAMS 0x00000000c4d00000, 0x00000000c4d00000| Untracked 
|  58|0x00000000c4e00000, 0x00000000c4e00000, 0x00000000c4f00000|  0%| F|  |TAMS 0x00000000c4e00000, 0x00000000c4e00000| Untracked 
|  59|0x00000000c4f00000, 0x00000000c4f00000, 0x00000000c5000000|  0%| F|  |TAMS 0x00000000c4f00000, 0x00000000c4f00000| Untracked 
|  60|0x00000000c5000000, 0x00000000c5000000, 0x00000000c5100000|  0%| F|  |TAMS 0x00000000c5000000, 0x00000000c5000000| Untracked 
|  61|0x00000000c5100000, 0x00000000c5100000, 0x00000000c5200000|  0%| F|  |TAMS 0x00000000c5100000, 0x00000000c5100000| Untracked 
|  62|0x00000000c5200000, 0x00000000c5200000, 0x00000000c5300000|  0%| F|  |TAMS 0x00000000c5200000, 0x00000000c5200000| Untracked 
|  63|0x00000000c5300000, 0x00000000c5300000, 0x00000000c5400000|  0%| F|  |TAMS 0x00000000c5300000, 0x00000000c5300000| Untracked 
|  64|0x00000000c5400000, 0x00000000c5400000, 0x00000000c5500000|  0%| F|  |TAMS 0x00000000c5400000, 0x00000000c5400000| Untracked 
|  65|0x00000000c5500000, 0x00000000c5500000, 0x00000000c5600000|  0%| F|  |TAMS 0x00000000c5500000, 0x00000000c5500000| Untracked 
|  66|0x00000000c5600000, 0x00000000c5600000, 0x00000000c5700000|  0%| F|  |TAMS 0x00000000c5600000, 0x00000000c5600000| Untracked 
|  67|0x00000000c5700000, 0x00000000c5700000, 0x00000000c5800000|  0%| F|  |TAMS 0x00000000c5700000, 0x00000000c5700000| Untracked 
|  68|0x00000000c5800000, 0x00000000c5800000, 0x00000000c5900000|  0%| F|  |TAMS 0x00000000c5800000, 0x00000000c5800000| Untracked 
|  69|0x00000000c5900000, 0x00000000c5900000, 0x00000000c5a00000|  0%| F|  |TAMS 0x00000000c5900000, 0x00000000c5900000| Untracked 
|  70|0x00000000c5a00000, 0x00000000c5a00000, 0x00000000c5b00000|  0%| F|  |TAMS 0x00000000c5a00000, 0x00000000c5a00000| Untracked 
|  71|0x00000000c5b00000, 0x00000000c5b00000, 0x00000000c5c00000|  0%| F|  |TAMS 0x00000000c5b00000, 0x00000000c5b00000| Untracked 
|  72|0x00000000c5c00000, 0x00000000c5c00000, 0x00000000c5d00000|  0%| F|  |TAMS 0x00000000c5c00000, 0x00000000c5c00000| Untracked 
|  73|0x00000000c5d00000, 0x00000000c5d00000, 0x00000000c5e00000|  0%| F|  |TAMS 0x00000000c5d00000, 0x00000000c5d00000| Untracked 
|  74|0x00000000c5e00000, 0x00000000c5e00000, 0x00000000c5f00000|  0%| F|  |TAMS 0x00000000c5e00000, 0x00000000c5e00000| Untracked 
|  75|0x00000000c5f00000, 0x00000000c5f00000, 0x00000000c6000000|  0%| F|  |TAMS 0x00000000c5f00000, 0x00000000c5f00000| Untracked 
|  76|0x00000000c6000000, 0x00000000c6000000, 0x00000000c6100000|  0%| F|  |TAMS 0x00000000c6000000, 0x00000000c6000000| Untracked 
|  77|0x00000000c6100000, 0x00000000c6100000, 0x00000000c6200000|  0%| F|  |TAMS 0x00000000c6100000, 0x00000000c6100000| Untracked 
|  78|0x00000000c6200000, 0x00000000c6200000, 0x00000000c6300000|  0%| F|  |TAMS 0x00000000c6200000, 0x00000000c6200000| Untracked 
|  79|0x00000000c6300000, 0x00000000c6300000, 0x00000000c6400000|  0%| F|  |TAMS 0x00000000c6300000, 0x00000000c6300000| Untracked 
|  80|0x00000000c6400000, 0x00000000c6400000, 0x00000000c6500000|  0%| F|  |TAMS 0x00000000c6400000, 0x00000000c6400000| Untracked 
|  81|0x00000000c6500000, 0x00000000c6500000, 0x00000000c6600000|  0%| F|  |TAMS 0x00000000c6500000, 0x00000000c6500000| Untracked 
|  82|0x00000000c6600000, 0x00000000c6600000, 0x00000000c6700000|  0%| F|  |TAMS 0x00000000c6600000, 0x00000000c6600000| Untracked 
|  83|0x00000000c6700000, 0x00000000c6700000, 0x00000000c6800000|  0%| F|  |TAMS 0x00000000c6700000, 0x00000000c6700000| Untracked 
|  84|0x00000000c6800000, 0x00000000c6800000, 0x00000000c6900000|  0%| F|  |TAMS 0x00000000c6800000, 0x00000000c6800000| Untracked 
|  85|0x00000000c6900000, 0x00000000c6900000, 0x00000000c6a00000|  0%| F|  |TAMS 0x00000000c6900000, 0x00000000c6900000| Untracked 
|  86|0x00000000c6a00000, 0x00000000c6a00000, 0x00000000c6b00000|  0%| F|  |TAMS 0x00000000c6a00000, 0x00000000c6a00000| Untracked 
|  87|0x00000000c6b00000, 0x00000000c6b00000, 0x00000000c6c00000|  0%| F|  |TAMS 0x00000000c6b00000, 0x00000000c6b00000| Untracked 
|  88|0x00000000c6c00000, 0x00000000c6c00000, 0x00000000c6d00000|  0%| F|  |TAMS 0x00000000c6c00000, 0x00000000c6c00000| Untracked 
|  89|0x00000000c6d00000, 0x00000000c6d00000, 0x00000000c6e00000|  0%| F|  |TAMS 0x00000000c6d00000, 0x00000000c6d00000| Untracked 
|  90|0x00000000c6e00000, 0x00000000c6e00000, 0x00000000c6f00000|  0%| F|  |TAMS 0x00000000c6e00000, 0x00000000c6e00000| Untracked 
|  91|0x00000000c6f00000, 0x00000000c6f00000, 0x00000000c7000000|  0%| F|  |TAMS 0x00000000c6f00000, 0x00000000c6f00000| Untracked 
|  92|0x00000000c7000000, 0x00000000c7000000, 0x00000000c7100000|  0%| F|  |TAMS 0x00000000c7000000, 0x00000000c7000000| Untracked 
|  93|0x00000000c7100000, 0x00000000c7100000, 0x00000000c7200000|  0%| F|  |TAMS 0x00000000c7100000, 0x00000000c7100000| Untracked 
|  94|0x00000000c7200000, 0x00000000c7200000, 0x00000000c7300000|  0%| F|  |TAMS 0x00000000c7200000, 0x00000000c7200000| Untracked 
|  95|0x00000000c7300000, 0x00000000c7300000, 0x00000000c7400000|  0%| F|  |TAMS 0x00000000c7300000, 0x00000000c7300000| Untracked 
|  96|0x00000000c7400000, 0x00000000c7400000, 0x00000000c7500000|  0%| F|  |TAMS 0x00000000c7400000, 0x00000000c7400000| Untracked 
|  97|0x00000000c7500000, 0x00000000c7500000, 0x00000000c7600000|  0%| F|  |TAMS 0x00000000c7500000, 0x00000000c7500000| Untracked 
|  98|0x00000000c7600000, 0x00000000c7600000, 0x00000000c7700000|  0%| F|  |TAMS 0x00000000c7600000, 0x00000000c7600000| Untracked 
|  99|0x00000000c7700000, 0x00000000c7701830, 0x00000000c7800000|  0%| S|CS|TAMS 0x00000000c7700000, 0x00000000c7700000| Complete 
| 100|0x00000000c7800000, 0x00000000c7800000, 0x00000000c7900000|  0%| F|  |TAMS 0x00000000c7800000, 0x00000000c7800000| Untracked 
| 101|0x00000000c7900000, 0x00000000c7900000, 0x00000000c7a00000|  0%| F|  |TAMS 0x00000000c7900000, 0x00000000c7900000| Untracked 
| 102|0x00000000c7a00000, 0x00000000c7a00000, 0x00000000c7b00000|  0%| F|  |TAMS 0x00000000c7a00000, 0x00000000c7a00000| Untracked 
| 103|0x00000000c7b00000, 0x00000000c7b00000, 0x00000000c7c00000|  0%| F|  |TAMS 0x00000000c7b00000, 0x00000000c7b00000| Untracked 
| 104|0x00000000c7c00000, 0x00000000c7c00000, 0x00000000c7d00000|  0%| F|  |TAMS 0x00000000c7c00000, 0x00000000c7c00000| Untracked 
| 105|0x00000000c7d00000, 0x00000000c7d00000, 0x00000000c7e00000|  0%| F|  |TAMS 0x00000000c7d00000, 0x00000000c7d00000| Untracked 
| 106|0x00000000c7e00000, 0x00000000c7e00000, 0x00000000c7f00000|  0%| F|  |TAMS 0x00000000c7e00000, 0x00000000c7e00000| Untracked 
| 107|0x00000000c7f00000, 0x00000000c7f00000, 0x00000000c8000000|  0%| F|  |TAMS 0x00000000c7f00000, 0x00000000c7f00000| Untracked 
| 108|0x00000000c8000000, 0x00000000c8000000, 0x00000000c8100000|  0%| F|  |TAMS 0x00000000c8000000, 0x00000000c8000000| Untracked 
| 109|0x00000000c8100000, 0x00000000c8100000, 0x00000000c8200000|  0%| F|  |TAMS 0x00000000c8100000, 0x00000000c8100000| Untracked 
| 110|0x00000000c8200000, 0x00000000c8200000, 0x00000000c8300000|  0%| F|  |TAMS 0x00000000c8200000, 0x00000000c8200000| Untracked 
| 111|0x00000000c8300000, 0x00000000c8300000, 0x00000000c8400000|  0%| F|  |TAMS 0x00000000c8300000, 0x00000000c8300000| Untracked 
| 112|0x00000000c8400000, 0x00000000c8400000, 0x00000000c8500000|  0%| F|  |TAMS 0x00000000c8400000, 0x00000000c8400000| Untracked 
| 113|0x00000000c8500000, 0x00000000c8500000, 0x00000000c8600000|  0%| F|  |TAMS 0x00000000c8500000, 0x00000000c8500000| Untracked 
| 114|0x00000000c8600000, 0x00000000c8600000, 0x00000000c8700000|  0%| F|  |TAMS 0x00000000c8600000, 0x00000000c8600000| Untracked 
| 115|0x00000000c8700000, 0x00000000c8700000, 0x00000000c8800000|  0%| F|  |TAMS 0x00000000c8700000, 0x00000000c8700000| Untracked 
| 116|0x00000000c8800000, 0x00000000c8800000, 0x00000000c8900000|  0%| F|  |TAMS 0x00000000c8800000, 0x00000000c8800000| Untracked 
| 117|0x00000000c8900000, 0x00000000c8900000, 0x00000000c8a00000|  0%| F|  |TAMS 0x00000000c8900000, 0x00000000c8900000| Untracked 
| 118|0x00000000c8a00000, 0x00000000c8a00000, 0x00000000c8b00000|  0%| F|  |TAMS 0x00000000c8a00000, 0x00000000c8a00000| Untracked 
| 119|0x00000000c8b00000, 0x00000000c8b00000, 0x00000000c8c00000|  0%| F|  |TAMS 0x00000000c8b00000, 0x00000000c8b00000| Untracked 
| 120|0x00000000c8c00000, 0x00000000c8c00000, 0x00000000c8d00000|  0%| F|  |TAMS 0x00000000c8c00000, 0x00000000c8c00000| Untracked 
| 121|0x00000000c8d00000, 0x00000000c8d00000, 0x00000000c8e00000|  0%| F|  |TAMS 0x00000000c8d00000, 0x00000000c8d00000| Untracked 
| 122|0x00000000c8e00000, 0x00000000c8e00000, 0x00000000c8f00000|  0%| F|  |TAMS 0x00000000c8e00000, 0x00000000c8e00000| Untracked 
| 123|0x00000000c8f00000, 0x00000000c8f00000, 0x00000000c9000000|  0%| F|  |TAMS 0x00000000c8f00000, 0x00000000c8f00000| Untracked 
| 124|0x00000000c9000000, 0x00000000c9000000, 0x00000000c9100000|  0%| F|  |TAMS 0x00000000c9000000, 0x00000000c9000000| Untracked 
| 125|0x00000000c9100000, 0x00000000c9100000, 0x00000000c9200000|  0%| F|  |TAMS 0x00000000c9100000, 0x00000000c9100000| Untracked 
| 126|0x00000000c9200000, 0x00000000c9200000, 0x00000000c9300000|  0%| F|  |TAMS 0x00000000c9200000, 0x00000000c9200000| Untracked 
| 127|0x00000000c9300000, 0x00000000c9300000, 0x00000000c9400000|  0%| F|  |TAMS 0x00000000c9300000, 0x00000000c9300000| Untracked 
| 128|0x00000000c9400000, 0x00000000c9400000, 0x00000000c9500000|  0%| F|  |TAMS 0x00000000c9400000, 0x00000000c9400000| Untracked 
| 129|0x00000000c9500000, 0x00000000c9500000, 0x00000000c9600000|  0%| F|  |TAMS 0x00000000c9500000, 0x00000000c9500000| Untracked 
| 130|0x00000000c9600000, 0x00000000c9600000, 0x00000000c9700000|  0%| F|  |TAMS 0x00000000c9600000, 0x00000000c9600000| Untracked 
| 131|0x00000000c9700000, 0x00000000c9700000, 0x00000000c9800000|  0%| F|  |TAMS 0x00000000c9700000, 0x00000000c9700000| Untracked 
| 132|0x00000000c9800000, 0x00000000c9800000, 0x00000000c9900000|  0%| F|  |TAMS 0x00000000c9800000, 0x00000000c9800000| Untracked 
| 133|0x00000000c9900000, 0x00000000c9900000, 0x00000000c9a00000|  0%| F|  |TAMS 0x00000000c9900000, 0x00000000c9900000| Untracked 
| 134|0x00000000c9a00000, 0x00000000c9a00000, 0x00000000c9b00000|  0%| F|  |TAMS 0x00000000c9a00000, 0x00000000c9a00000| Untracked 
| 135|0x00000000c9b00000, 0x00000000c9b00000, 0x00000000c9c00000|  0%| F|  |TAMS 0x00000000c9b00000, 0x00000000c9b00000| Untracked 
| 136|0x00000000c9c00000, 0x00000000c9c00000, 0x00000000c9d00000|  0%| F|  |TAMS 0x00000000c9c00000, 0x00000000c9c00000| Untracked 
| 137|0x00000000c9d00000, 0x00000000c9d00000, 0x00000000c9e00000|  0%| F|  |TAMS 0x00000000c9d00000, 0x00000000c9d00000| Untracked 
| 138|0x00000000c9e00000, 0x00000000c9e00000, 0x00000000c9f00000|  0%| F|  |TAMS 0x00000000c9e00000, 0x00000000c9e00000| Untracked 
| 139|0x00000000c9f00000, 0x00000000c9f00000, 0x00000000ca000000|  0%| F|  |TAMS 0x00000000c9f00000, 0x00000000c9f00000| Untracked 
| 140|0x00000000ca000000, 0x00000000ca000000, 0x00000000ca100000|  0%| F|  |TAMS 0x00000000ca000000, 0x00000000ca000000| Untracked 
| 141|0x00000000ca100000, 0x00000000ca100000, 0x00000000ca200000|  0%| F|  |TAMS 0x00000000ca100000, 0x00000000ca100000| Untracked 
| 142|0x00000000ca200000, 0x00000000ca200000, 0x00000000ca300000|  0%| F|  |TAMS 0x00000000ca200000, 0x00000000ca200000| Untracked 
| 143|0x00000000ca300000, 0x00000000ca300000, 0x00000000ca400000|  0%| F|  |TAMS 0x00000000ca300000, 0x00000000ca300000| Untracked 
| 144|0x00000000ca400000, 0x00000000ca400000, 0x00000000ca500000|  0%| F|  |TAMS 0x00000000ca400000, 0x00000000ca400000| Untracked 
| 145|0x00000000ca500000, 0x00000000ca500000, 0x00000000ca600000|  0%| F|  |TAMS 0x00000000ca500000, 0x00000000ca500000| Untracked 
| 146|0x00000000ca600000, 0x00000000ca600000, 0x00000000ca700000|  0%| F|  |TAMS 0x00000000ca600000, 0x00000000ca600000| Untracked 
| 147|0x00000000ca700000, 0x00000000ca700000, 0x00000000ca800000|  0%| F|  |TAMS 0x00000000ca700000, 0x00000000ca700000| Untracked 
| 148|0x00000000ca800000, 0x00000000ca800000, 0x00000000ca900000|  0%| F|  |TAMS 0x00000000ca800000, 0x00000000ca800000| Untracked 
| 149|0x00000000ca900000, 0x00000000ca900000, 0x00000000caa00000|  0%| F|  |TAMS 0x00000000ca900000, 0x00000000ca900000| Untracked 
| 150|0x00000000caa00000, 0x00000000caa00000, 0x00000000cab00000|  0%| F|  |TAMS 0x00000000caa00000, 0x00000000caa00000| Untracked 
| 151|0x00000000cab00000, 0x00000000cab00000, 0x00000000cac00000|  0%| F|  |TAMS 0x00000000cab00000, 0x00000000cab00000| Untracked 
| 152|0x00000000cac00000, 0x00000000cac00000, 0x00000000cad00000|  0%| F|  |TAMS 0x00000000cac00000, 0x00000000cac00000| Untracked 
| 153|0x00000000cad00000, 0x00000000cad00000, 0x00000000cae00000|  0%| F|  |TAMS 0x00000000cad00000, 0x00000000cad00000| Untracked 
| 154|0x00000000cae00000, 0x00000000cae00000, 0x00000000caf00000|  0%| F|  |TAMS 0x00000000cae00000, 0x00000000cae00000| Untracked 
| 155|0x00000000caf00000, 0x00000000caf00000, 0x00000000cb000000|  0%| F|  |TAMS 0x00000000caf00000, 0x00000000caf00000| Untracked 
| 156|0x00000000cb000000, 0x00000000cb000000, 0x00000000cb100000|  0%| F|  |TAMS 0x00000000cb000000, 0x00000000cb000000| Untracked 
| 157|0x00000000cb100000, 0x00000000cb100000, 0x00000000cb200000|  0%| F|  |TAMS 0x00000000cb100000, 0x00000000cb100000| Untracked 
| 158|0x00000000cb200000, 0x00000000cb200000, 0x00000000cb300000|  0%| F|  |TAMS 0x00000000cb200000, 0x00000000cb200000| Untracked 
| 159|0x00000000cb300000, 0x00000000cb300000, 0x00000000cb400000|  0%| F|  |TAMS 0x00000000cb300000, 0x00000000cb300000| Untracked 
| 160|0x00000000cb400000, 0x00000000cb400000, 0x00000000cb500000|  0%| F|  |TAMS 0x00000000cb400000, 0x00000000cb400000| Untracked 
| 161|0x00000000cb500000, 0x00000000cb500000, 0x00000000cb600000|  0%| F|  |TAMS 0x00000000cb500000, 0x00000000cb500000| Untracked 
| 162|0x00000000cb600000, 0x00000000cb600000, 0x00000000cb700000|  0%| F|  |TAMS 0x00000000cb600000, 0x00000000cb600000| Untracked 
| 163|0x00000000cb700000, 0x00000000cb700000, 0x00000000cb800000|  0%| F|  |TAMS 0x00000000cb700000, 0x00000000cb700000| Untracked 
| 164|0x00000000cb800000, 0x00000000cb800000, 0x00000000cb900000|  0%| F|  |TAMS 0x00000000cb800000, 0x00000000cb800000| Untracked 
| 165|0x00000000cb900000, 0x00000000cb900000, 0x00000000cba00000|  0%| F|  |TAMS 0x00000000cb900000, 0x00000000cb900000| Untracked 
| 166|0x00000000cba00000, 0x00000000cba00000, 0x00000000cbb00000|  0%| F|  |TAMS 0x00000000cba00000, 0x00000000cba00000| Untracked 
| 167|0x00000000cbb00000, 0x00000000cbb00000, 0x00000000cbc00000|  0%| F|  |TAMS 0x00000000cbb00000, 0x00000000cbb00000| Untracked 
| 168|0x00000000cbc00000, 0x00000000cbc00000, 0x00000000cbd00000|  0%| F|  |TAMS 0x00000000cbc00000, 0x00000000cbc00000| Untracked 
| 169|0x00000000cbd00000, 0x00000000cbd00000, 0x00000000cbe00000|  0%| F|  |TAMS 0x00000000cbd00000, 0x00000000cbd00000| Untracked 
| 170|0x00000000cbe00000, 0x00000000cbe00000, 0x00000000cbf00000|  0%| F|  |TAMS 0x00000000cbe00000, 0x00000000cbe00000| Untracked 
| 171|0x00000000cbf00000, 0x00000000cbf00000, 0x00000000cc000000|  0%| F|  |TAMS 0x00000000cbf00000, 0x00000000cbf00000| Untracked 
| 172|0x00000000cc000000, 0x00000000cc000000, 0x00000000cc100000|  0%| F|  |TAMS 0x00000000cc000000, 0x00000000cc000000| Untracked 
| 173|0x00000000cc100000, 0x00000000cc100000, 0x00000000cc200000|  0%| F|  |TAMS 0x00000000cc100000, 0x00000000cc100000| Untracked 
| 174|0x00000000cc200000, 0x00000000cc200000, 0x00000000cc300000|  0%| F|  |TAMS 0x00000000cc200000, 0x00000000cc200000| Untracked 
| 175|0x00000000cc300000, 0x00000000cc300000, 0x00000000cc400000|  0%| F|  |TAMS 0x00000000cc300000, 0x00000000cc300000| Untracked 
| 176|0x00000000cc400000, 0x00000000cc400000, 0x00000000cc500000|  0%| F|  |TAMS 0x00000000cc400000, 0x00000000cc400000| Untracked 
| 177|0x00000000cc500000, 0x00000000cc500000, 0x00000000cc600000|  0%| F|  |TAMS 0x00000000cc500000, 0x00000000cc500000| Untracked 
| 178|0x00000000cc600000, 0x00000000cc600000, 0x00000000cc700000|  0%| F|  |TAMS 0x00000000cc600000, 0x00000000cc600000| Untracked 
| 179|0x00000000cc700000, 0x00000000cc700000, 0x00000000cc800000|  0%| F|  |TAMS 0x00000000cc700000, 0x00000000cc700000| Untracked 
| 180|0x00000000cc800000, 0x00000000cc800000, 0x00000000cc900000|  0%| F|  |TAMS 0x00000000cc800000, 0x00000000cc800000| Untracked 
| 181|0x00000000cc900000, 0x00000000cc900000, 0x00000000cca00000|  0%| F|  |TAMS 0x00000000cc900000, 0x00000000cc900000| Untracked 
| 182|0x00000000cca00000, 0x00000000cca00000, 0x00000000ccb00000|  0%| F|  |TAMS 0x00000000cca00000, 0x00000000cca00000| Untracked 
| 183|0x00000000ccb00000, 0x00000000ccb00000, 0x00000000ccc00000|  0%| F|  |TAMS 0x00000000ccb00000, 0x00000000ccb00000| Untracked 
| 184|0x00000000ccc00000, 0x00000000ccc00000, 0x00000000ccd00000|  0%| F|  |TAMS 0x00000000ccc00000, 0x00000000ccc00000| Untracked 
| 185|0x00000000ccd00000, 0x00000000ccd00000, 0x00000000cce00000|  0%| F|  |TAMS 0x00000000ccd00000, 0x00000000ccd00000| Untracked 
| 186|0x00000000cce00000, 0x00000000cce00000, 0x00000000ccf00000|  0%| F|  |TAMS 0x00000000cce00000, 0x00000000cce00000| Untracked 
| 187|0x00000000ccf00000, 0x00000000ccf00000, 0x00000000cd000000|  0%| F|  |TAMS 0x00000000ccf00000, 0x00000000ccf00000| Untracked 
| 188|0x00000000cd000000, 0x00000000cd000000, 0x00000000cd100000|  0%| F|  |TAMS 0x00000000cd000000, 0x00000000cd000000| Untracked 
| 189|0x00000000cd100000, 0x00000000cd100000, 0x00000000cd200000|  0%| F|  |TAMS 0x00000000cd100000, 0x00000000cd100000| Untracked 
| 190|0x00000000cd200000, 0x00000000cd200000, 0x00000000cd300000|  0%| F|  |TAMS 0x00000000cd200000, 0x00000000cd200000| Untracked 
| 191|0x00000000cd300000, 0x00000000cd300000, 0x00000000cd400000|  0%| F|  |TAMS 0x00000000cd300000, 0x00000000cd300000| Untracked 
| 192|0x00000000cd400000, 0x00000000cd400000, 0x00000000cd500000|  0%| F|  |TAMS 0x00000000cd400000, 0x00000000cd400000| Untracked 
| 193|0x00000000cd500000, 0x00000000cd500000, 0x00000000cd600000|  0%| F|  |TAMS 0x00000000cd500000, 0x00000000cd500000| Untracked 
| 194|0x00000000cd600000, 0x00000000cd600000, 0x00000000cd700000|  0%| F|  |TAMS 0x00000000cd600000, 0x00000000cd600000| Untracked 
| 195|0x00000000cd700000, 0x00000000cd700000, 0x00000000cd800000|  0%| F|  |TAMS 0x00000000cd700000, 0x00000000cd700000| Untracked 
| 196|0x00000000cd800000, 0x00000000cd800000, 0x00000000cd900000|  0%| F|  |TAMS 0x00000000cd800000, 0x00000000cd800000| Untracked 
| 197|0x00000000cd900000, 0x00000000cd900000, 0x00000000cda00000|  0%| F|  |TAMS 0x00000000cd900000, 0x00000000cd900000| Untracked 
| 198|0x00000000cda00000, 0x00000000cda00000, 0x00000000cdb00000|  0%| F|  |TAMS 0x00000000cda00000, 0x00000000cda00000| Untracked 
| 199|0x00000000cdb00000, 0x00000000cdc00000, 0x00000000cdc00000|100%| E|  |TAMS 0x00000000cdb00000, 0x00000000cdb00000| Complete 
| 200|0x00000000cdc00000, 0x00000000cdd00000, 0x00000000cdd00000|100%| E|CS|TAMS 0x00000000cdc00000, 0x00000000cdc00000| Complete 
| 201|0x00000000cdd00000, 0x00000000cde00000, 0x00000000cde00000|100%| E|CS|TAMS 0x00000000cdd00000, 0x00000000cdd00000| Complete 
| 202|0x00000000cde00000, 0x00000000cdf00000, 0x00000000cdf00000|100%| E|CS|TAMS 0x00000000cde00000, 0x00000000cde00000| Complete 
| 203|0x00000000cdf00000, 0x00000000ce000000, 0x00000000ce000000|100%| E|CS|TAMS 0x00000000cdf00000, 0x00000000cdf00000| Complete 
| 204|0x00000000ce000000, 0x00000000ce100000, 0x00000000ce100000|100%| E|CS|TAMS 0x00000000ce000000, 0x00000000ce000000| Complete 
| 205|0x00000000ce100000, 0x00000000ce200000, 0x00000000ce200000|100%| E|CS|TAMS 0x00000000ce100000, 0x00000000ce100000| Complete 
| 206|0x00000000ce200000, 0x00000000ce300000, 0x00000000ce300000|100%| E|CS|TAMS 0x00000000ce200000, 0x00000000ce200000| Complete 
| 207|0x00000000ce300000, 0x00000000ce400000, 0x00000000ce400000|100%| E|CS|TAMS 0x00000000ce300000, 0x00000000ce300000| Complete 
| 208|0x00000000ce400000, 0x00000000ce500000, 0x00000000ce500000|100%| E|CS|TAMS 0x00000000ce400000, 0x00000000ce400000| Complete 
| 209|0x00000000ce500000, 0x00000000ce600000, 0x00000000ce600000|100%| E|CS|TAMS 0x00000000ce500000, 0x00000000ce500000| Complete 
| 210|0x00000000ce600000, 0x00000000ce700000, 0x00000000ce700000|100%| E|CS|TAMS 0x00000000ce600000, 0x00000000ce600000| Complete 
| 211|0x00000000ce700000, 0x00000000ce800000, 0x00000000ce800000|100%| E|CS|TAMS 0x00000000ce700000, 0x00000000ce700000| Complete 
| 212|0x00000000ce800000, 0x00000000ce900000, 0x00000000ce900000|100%| E|CS|TAMS 0x00000000ce800000, 0x00000000ce800000| Complete 
| 213|0x00000000ce900000, 0x00000000cea00000, 0x00000000cea00000|100%| E|CS|TAMS 0x00000000ce900000, 0x00000000ce900000| Complete 
| 214|0x00000000cea00000, 0x00000000ceb00000, 0x00000000ceb00000|100%| E|CS|TAMS 0x00000000cea00000, 0x00000000cea00000| Complete 
| 215|0x00000000ceb00000, 0x00000000cec00000, 0x00000000cec00000|100%| E|CS|TAMS 0x00000000ceb00000, 0x00000000ceb00000| Complete 
| 216|0x00000000cec00000, 0x00000000ced00000, 0x00000000ced00000|100%| E|CS|TAMS 0x00000000cec00000, 0x00000000cec00000| Complete 
| 217|0x00000000ced00000, 0x00000000cee00000, 0x00000000cee00000|100%| E|CS|TAMS 0x00000000ced00000, 0x00000000ced00000| Complete 
| 218|0x00000000cee00000, 0x00000000cef00000, 0x00000000cef00000|100%| E|CS|TAMS 0x00000000cee00000, 0x00000000cee00000| Complete 
| 219|0x00000000cef00000, 0x00000000cf000000, 0x00000000cf000000|100%| E|CS|TAMS 0x00000000cef00000, 0x00000000cef00000| Complete 
| 220|0x00000000cf000000, 0x00000000cf100000, 0x00000000cf100000|100%| E|CS|TAMS 0x00000000cf000000, 0x00000000cf000000| Complete 
| 221|0x00000000cf100000, 0x00000000cf200000, 0x00000000cf200000|100%| E|CS|TAMS 0x00000000cf100000, 0x00000000cf100000| Complete 
| 222|0x00000000cf200000, 0x00000000cf300000, 0x00000000cf300000|100%| E|CS|TAMS 0x00000000cf200000, 0x00000000cf200000| Complete 
| 223|0x00000000cf300000, 0x00000000cf400000, 0x00000000cf400000|100%| E|CS|TAMS 0x00000000cf300000, 0x00000000cf300000| Complete 
| 224|0x00000000cf400000, 0x00000000cf500000, 0x00000000cf500000|100%| E|CS|TAMS 0x00000000cf400000, 0x00000000cf400000| Complete 
| 225|0x00000000cf500000, 0x00000000cf600000, 0x00000000cf600000|100%| E|CS|TAMS 0x00000000cf500000, 0x00000000cf500000| Complete 
| 226|0x00000000cf600000, 0x00000000cf700000, 0x00000000cf700000|100%| E|CS|TAMS 0x00000000cf600000, 0x00000000cf600000| Complete 
| 227|0x00000000cf700000, 0x00000000cf800000, 0x00000000cf800000|100%| E|CS|TAMS 0x00000000cf700000, 0x00000000cf700000| Complete 
| 228|0x00000000cf800000, 0x00000000cf900000, 0x00000000cf900000|100%| E|CS|TAMS 0x00000000cf800000, 0x00000000cf800000| Complete 
| 229|0x00000000cf900000, 0x00000000cfa00000, 0x00000000cfa00000|100%| E|CS|TAMS 0x00000000cf900000, 0x00000000cf900000| Complete 
| 230|0x00000000cfa00000, 0x00000000cfb00000, 0x00000000cfb00000|100%| E|CS|TAMS 0x00000000cfa00000, 0x00000000cfa00000| Complete 
| 231|0x00000000cfb00000, 0x00000000cfc00000, 0x00000000cfc00000|100%| E|CS|TAMS 0x00000000cfb00000, 0x00000000cfb00000| Complete 
| 232|0x00000000cfc00000, 0x00000000cfd00000, 0x00000000cfd00000|100%| E|CS|TAMS 0x00000000cfc00000, 0x00000000cfc00000| Complete 
| 233|0x00000000cfd00000, 0x00000000cfe00000, 0x00000000cfe00000|100%| E|CS|TAMS 0x00000000cfd00000, 0x00000000cfd00000| Complete 
| 234|0x00000000cfe00000, 0x00000000cff00000, 0x00000000cff00000|100%| E|CS|TAMS 0x00000000cfe00000, 0x00000000cfe00000| Complete 
| 235|0x00000000cff00000, 0x00000000d0000000, 0x00000000d0000000|100%| E|CS|TAMS 0x00000000cff00000, 0x00000000cff00000| Complete 
| 236|0x00000000d0000000, 0x00000000d0100000, 0x00000000d0100000|100%| E|CS|TAMS 0x00000000d0000000, 0x00000000d0000000| Complete 
| 237|0x00000000d0100000, 0x00000000d0200000, 0x00000000d0200000|100%| E|CS|TAMS 0x00000000d0100000, 0x00000000d0100000| Complete 
| 238|0x00000000d0200000, 0x00000000d0300000, 0x00000000d0300000|100%| E|CS|TAMS 0x00000000d0200000, 0x00000000d0200000| Complete 
| 239|0x00000000d0300000, 0x00000000d0400000, 0x00000000d0400000|100%| E|CS|TAMS 0x00000000d0300000, 0x00000000d0300000| Complete 
| 240|0x00000000d0400000, 0x00000000d0500000, 0x00000000d0500000|100%| E|CS|TAMS 0x00000000d0400000, 0x00000000d0400000| Complete 
| 241|0x00000000d0500000, 0x00000000d0600000, 0x00000000d0600000|100%| E|CS|TAMS 0x00000000d0500000, 0x00000000d0500000| Complete 
| 242|0x00000000d0600000, 0x00000000d0700000, 0x00000000d0700000|100%| E|CS|TAMS 0x00000000d0600000, 0x00000000d0600000| Complete 
| 243|0x00000000d0700000, 0x00000000d0800000, 0x00000000d0800000|100%| E|CS|TAMS 0x00000000d0700000, 0x00000000d0700000| Complete 
| 244|0x00000000d0800000, 0x00000000d0900000, 0x00000000d0900000|100%| E|CS|TAMS 0x00000000d0800000, 0x00000000d0800000| Complete 
| 245|0x00000000d0900000, 0x00000000d0a00000, 0x00000000d0a00000|100%| E|CS|TAMS 0x00000000d0900000, 0x00000000d0900000| Complete 
| 246|0x00000000d0a00000, 0x00000000d0b00000, 0x00000000d0b00000|100%| E|CS|TAMS 0x00000000d0a00000, 0x00000000d0a00000| Complete 
| 247|0x00000000d0b00000, 0x00000000d0c00000, 0x00000000d0c00000|100%| E|CS|TAMS 0x00000000d0b00000, 0x00000000d0b00000| Complete 
| 248|0x00000000d0c00000, 0x00000000d0d00000, 0x00000000d0d00000|100%| E|CS|TAMS 0x00000000d0c00000, 0x00000000d0c00000| Complete 
| 249|0x00000000d0d00000, 0x00000000d0e00000, 0x00000000d0e00000|100%| E|CS|TAMS 0x00000000d0d00000, 0x00000000d0d00000| Complete 

Card table byte_map: [0x0000025479860000,0x0000025479a60000] _byte_map_base: 0x0000025479256000

Marking Bits (Prev, Next): (CMBitMap*) 0x00000254710483f0, (CMBitMap*) 0x00000254710483b8
 Prev Bits: [0x000002547ac10000, 0x000002547bbc0000)
 Next Bits: [0x0000025479c60000, 0x000002547ac10000)

Polling page: 0x000002546f150000

Metaspace:

Usage:
  Non-class:     25.91 MB capacity,    25.72 MB (>99%) used,   163.09 KB ( <1%) free+waste,    37.38 KB ( <1%) overhead. 
      Class:      3.14 MB capacity,     3.07 MB ( 98%) used,    61.40 KB (  2%) free+waste,    13.75 KB ( <1%) overhead. 
       Both:     29.05 MB capacity,    28.78 MB (>99%) used,   224.48 KB ( <1%) free+waste,    51.13 KB ( <1%) overhead. 

Virtual space:
  Non-class space:       26.00 MB reserved,      26.00 MB (100%) committed 
      Class space:        1.00 GB reserved,       3.25 MB ( <1%) committed 
             Both:        1.03 GB reserved,      29.25 MB (  3%) committed 

Chunk freelists:
   Non-Class:  89.00 KB
       Class:  16.00 KB
        Both:  105.00 KB

MaxMetaspaceSize: 17179869184.00 GB
CompressedClassSpaceSize: 1.00 GB

CodeHeap 'non-profiled nmethods': size=120064Kb used=3904Kb max_used=3992Kb free=116159Kb
 bounds [0x0000025407ac0000, 0x0000025407eb0000, 0x000002540f000000]
CodeHeap 'profiled nmethods': size=120000Kb used=9638Kb max_used=10932Kb free=110361Kb
 bounds [0x0000025400590000, 0x0000025401040000, 0x0000025407ac0000]
CodeHeap 'non-nmethods': size=5696Kb used=1245Kb max_used=1306Kb free=4450Kb
 bounds [0x0000025400000000, 0x0000025400270000, 0x0000025400590000]
 total_blobs=5432 nmethods=4788 adapters=555
 compilation: enabled
              stopped_count=0, restarted_count=0
 full_count=0

Compilation events (20 events):
Event: 228.233 Thread 0x000002547e0ed000 5327       4       org.lwjgl.opengl.Display::getY (30 bytes)
Event: 228.473 Thread 0x000002547e0ed000 nmethod 5327 0x0000025407add590 code [0x0000025407add740, 0x0000025407add9b8]
Event: 228.517 Thread 0x000002547e0ed000 5329       4       com.badlogic.gdx.utils.Array::clear (33 bytes)
Event: 228.562 Thread 0x000002547e0ed000 nmethod 5329 0x0000025407ad2710 code [0x0000025407ad28a0, 0x0000025407ad2918]
Event: 228.562 Thread 0x000002547e0ed000 5328   !   4       com.badlogic.gdx.backends.lwjgl.LwjglApplication::executeRunnables (98 bytes)
Event: 229.094 Thread 0x000002547e0ed000 nmethod 5328 0x0000025407ae1910 code [0x0000025407ae1ac0, 0x0000025407ae1df8]
Event: 231.509 Thread 0x000002547e0ed000 5331       4       org.uqbar.project.wollok.game.gameboard.GameboardRendering::render (26 bytes)
Event: 245.386 Thread 0x000002547e0ed000 nmethod 5331 0x0000025407b06210 code [0x0000025407b064e0, 0x0000025407b06fd0]
Event: 245.633 Thread 0x000002547e0ed000 5330       4       com.badlogic.gdx.backends.lwjgl.audio.OpenALAudio::update (43 bytes)
Event: 245.693 Thread 0x000002547e0ed000 nmethod 5330 0x0000025407adc910 code [0x0000025407adcaa0, 0x0000025407adcb38]
Event: 245.819 Thread 0x000002547e0ed000 5333       4       org.lwjgl.opengl.Display::getHeight (30 bytes)
Event: 245.821 Thread 0x000002547e0ed000 nmethod 5333 0x0000025407ae7f90 code [0x0000025407ae8140, 0x0000025407ae8398]
Event: 247.321 Thread 0x000002547e0ed000 5334   !   4       org.lwjgl.opengl.Display::isCloseRequested (38 bytes)
Event: 247.323 Thread 0x000002547e0ed000 nmethod 5334 0x0000025407ae7a90 code [0x0000025407ae7c40, 0x0000025407ae7e98]
Event: 247.323 Thread 0x000002547e0ed000 5336       4       com.badlogic.gdx.backends.lwjgl.LwjglInput::updateKeyboard (421 bytes)
Event: 247.496 Thread 0x000002547e0ed000 nmethod 5336 0x0000025407ae7110 code [0x0000025407ae72e0, 0x0000025407ae77f8]
Event: 247.496 Thread 0x000002547e0ed000 5337       4       org.lwjgl.opengl.Sync$RunningAvg::dampenForLowResTicker (42 bytes)
Event: 248.938 Thread 0x000002547e0ed000 nmethod 5337 0x0000025407ae9510 code [0x0000025407ae9720, 0x0000025407ae9a18]
Event: 248.938 Thread 0x000002547e0ed000 5335       4       com.badlogic.gdx.backends.lwjgl.LwjglInput::update (13 bytes)
Event: 249.838 Thread 0x000002547e0ed000 nmethod 5335 0x0000025407ae9190 code [0x0000025407ae9360, 0x0000025407ae9438]

GC Heap History (20 events):
Event: 217.566 GC heap before
{Heap before GC invocations=176 (full 0):
 garbage-first heap   total 256000K, used 33377K [0x00000000c1400000, 0x0000000100000000)
  region size 1024K, 12 young (12288K), 1 survivors (1024K)
 Metaspace       used 29475K, capacity 29751K, committed 29952K, reserved 1075200K
  class space    used 3140K, capacity 3216K, committed 3328K, reserved 1048576K
}
Event: 217.567 GC heap after
{Heap after GC invocations=177 (full 0):
 garbage-first heap   total 256000K, used 22113K [0x00000000c1400000, 0x0000000100000000)
  region size 1024K, 1 young (1024K), 1 survivors (1024K)
 Metaspace       used 29475K, capacity 29751K, committed 29952K, reserved 1075200K
  class space    used 3140K, capacity 3216K, committed 3328K, reserved 1048576K
}
Event: 221.476 GC heap before
{Heap before GC invocations=177 (full 0):
 garbage-first heap   total 256000K, used 174689K [0x00000000c1400000, 0x0000000100000000)
  region size 1024K, 150 young (153600K), 1 survivors (1024K)
 Metaspace       used 29475K, capacity 29751K, committed 29952K, reserved 1075200K
  class space    used 3140K, capacity 3216K, committed 3328K, reserved 1048576K
}
Event: 221.762 GC heap after
{Heap after GC invocations=178 (full 0):
 garbage-first heap   total 256000K, used 22113K [0x00000000c1400000, 0x0000000100000000)
  region size 1024K, 1 young (1024K), 1 survivors (1024K)
 Metaspace       used 29475K, capacity 29751K, committed 29952K, reserved 1075200K
  class space    used 3140K, capacity 3216K, committed 3328K, reserved 1048576K
}
Event: 222.054 GC heap before
{Heap before GC invocations=178 (full 0):
 garbage-first heap   total 256000K, used 33377K [0x00000000c1400000, 0x0000000100000000)
  region size 1024K, 12 young (12288K), 1 survivors (1024K)
 Metaspace       used 29475K, capacity 29751K, committed 29952K, reserved 1075200K
  class space    used 3140K, capacity 3216K, committed 3328K, reserved 1048576K
}
Event: 222.055 GC heap after
{Heap after GC invocations=179 (full 0):
 garbage-first heap   total 256000K, used 22111K [0x00000000c1400000, 0x0000000100000000)
  region size 1024K, 1 young (1024K), 1 survivors (1024K)
 Metaspace       used 29475K, capacity 29751K, committed 29952K, reserved 1075200K
  class space    used 3140K, capacity 3216K, committed 3328K, reserved 1048576K
}
Event: 224.730 GC heap before
{Heap before GC invocations=179 (full 0):
 garbage-first heap   total 256000K, used 174687K [0x00000000c1400000, 0x0000000100000000)
  region size 1024K, 150 young (153600K), 1 survivors (1024K)
 Metaspace       used 29475K, capacity 29751K, committed 29952K, reserved 1075200K
  class space    used 3140K, capacity 3216K, committed 3328K, reserved 1048576K
}
Event: 224.730 GC heap after
{Heap after GC invocations=180 (full 0):
 garbage-first heap   total 256000K, used 22115K [0x00000000c1400000, 0x0000000100000000)
  region size 1024K, 1 young (1024K), 1 survivors (1024K)
 Metaspace       used 29475K, capacity 29751K, committed 29952K, reserved 1075200K
  class space    used 3140K, capacity 3216K, committed 3328K, reserved 1048576K
}
Event: 229.915 GC heap before
{Heap before GC invocations=180 (full 0):
 garbage-first heap   total 256000K, used 174691K [0x00000000c1400000, 0x0000000100000000)
  region size 1024K, 150 young (153600K), 1 survivors (1024K)
 Metaspace       used 29475K, capacity 29751K, committed 29952K, reserved 1075200K
  class space    used 3140K, capacity 3216K, committed 3328K, reserved 1048576K
}
Event: 229.916 GC heap after
{Heap after GC invocations=181 (full 0):
 garbage-first heap   total 256000K, used 22113K [0x00000000c1400000, 0x0000000100000000)
  region size 1024K, 1 young (1024K), 1 survivors (1024K)
 Metaspace       used 29475K, capacity 29751K, committed 29952K, reserved 1075200K
  class space    used 3140K, capacity 3216K, committed 3328K, reserved 1048576K
}
Event: 234.461 GC heap before
{Heap before GC invocations=181 (full 0):
 garbage-first heap   total 256000K, used 174689K [0x00000000c1400000, 0x0000000100000000)
  region size 1024K, 150 young (153600K), 1 survivors (1024K)
 Metaspace       used 29475K, capacity 29751K, committed 29952K, reserved 1075200K
  class space    used 3140K, capacity 3216K, committed 3328K, reserved 1048576K
}
Event: 234.462 GC heap after
{Heap after GC invocations=182 (full 0):
 garbage-first heap   total 256000K, used 22113K [0x00000000c1400000, 0x0000000100000000)
  region size 1024K, 1 young (1024K), 1 survivors (1024K)
 Metaspace       used 29475K, capacity 29751K, committed 29952K, reserved 1075200K
  class space    used 3140K, capacity 3216K, committed 3328K, reserved 1048576K
}
Event: 238.624 GC heap before
{Heap before GC invocations=182 (full 0):
 garbage-first heap   total 256000K, used 174689K [0x00000000c1400000, 0x0000000100000000)
  region size 1024K, 150 young (153600K), 1 survivors (1024K)
 Metaspace       used 29475K, capacity 29751K, committed 29952K, reserved 1075200K
  class space    used 3140K, capacity 3216K, committed 3328K, reserved 1048576K
}
Event: 238.625 GC heap after
{Heap after GC invocations=183 (full 0):
 garbage-first heap   total 256000K, used 22113K [0x00000000c1400000, 0x0000000100000000)
  region size 1024K, 1 young (1024K), 1 survivors (1024K)
 Metaspace       used 29475K, capacity 29751K, committed 29952K, reserved 1075200K
  class space    used 3140K, capacity 3216K, committed 3328K, reserved 1048576K
}
Event: 243.910 GC heap before
{Heap before GC invocations=183 (full 0):
 garbage-first heap   total 256000K, used 174689K [0x00000000c1400000, 0x0000000100000000)
  region size 1024K, 150 young (153600K), 1 survivors (1024K)
 Metaspace       used 29475K, capacity 29751K, committed 29952K, reserved 1075200K
  class space    used 3140K, capacity 3216K, committed 3328K, reserved 1048576K
}
Event: 243.912 GC heap after
{Heap after GC invocations=184 (full 0):
 garbage-first heap   total 256000K, used 22113K [0x00000000c1400000, 0x0000000100000000)
  region size 1024K, 1 young (1024K), 1 survivors (1024K)
 Metaspace       used 29475K, capacity 29751K, committed 29952K, reserved 1075200K
  class space    used 3140K, capacity 3216K, committed 3328K, reserved 1048576K
}
Event: 248.871 GC heap before
{Heap before GC invocations=184 (full 0):
 garbage-first heap   total 256000K, used 174689K [0x00000000c1400000, 0x0000000100000000)
  region size 1024K, 150 young (153600K), 1 survivors (1024K)
 Metaspace       used 29475K, capacity 29751K, committed 29952K, reserved 1075200K
  class space    used 3140K, capacity 3216K, committed 3328K, reserved 1048576K
}
Event: 248.872 GC heap after
{Heap after GC invocations=185 (full 0):
 garbage-first heap   total 256000K, used 22113K [0x00000000c1400000, 0x0000000100000000)
  region size 1024K, 1 young (1024K), 1 survivors (1024K)
 Metaspace       used 29475K, capacity 29751K, committed 29952K, reserved 1075200K
  class space    used 3140K, capacity 3216K, committed 3328K, reserved 1048576K
}
Event: 259.522 GC heap before
{Heap before GC invocations=185 (full 0):
 garbage-first heap   total 256000K, used 174689K [0x00000000c1400000, 0x0000000100000000)
  region size 1024K, 150 young (153600K), 1 survivors (1024K)
 Metaspace       used 29475K, capacity 29751K, committed 29952K, reserved 1075200K
  class space    used 3140K, capacity 3216K, committed 3328K, reserved 1048576K
}
Event: 259.523 GC heap after
{Heap after GC invocations=186 (full 0):
 garbage-first heap   total 256000K, used 22111K [0x00000000c1400000, 0x0000000100000000)
  region size 1024K, 1 young (1024K), 1 survivors (1024K)
 Metaspace       used 29475K, capacity 29751K, committed 29952K, reserved 1075200K
  class space    used 3140K, capacity 3216K, committed 3328K, reserved 1048576K
}

Deoptimization events (20 events):
Event: 32.128 Thread 0x000002547ee08000 Uncommon trap: trap_request=0xffffffd6 fr.pc=0x0000025407e6aa7c relative=0x000000000000015c
Event: 32.128 Thread 0x000002547ee08000 Uncommon trap: reason=array_check action=maybe_recompile pc=0x0000025407e6aa7c method=org.eclipse.xtext.xbase.lib.Conversions$WrappedArray.set(ILjava/lang/Object;)Ljava/lang/Object; @ 13 c2
Event: 32.128 Thread 0x000002547ee08000 DEOPT PACKING pc=0x0000025407e6aa7c sp=0x0000008c3fdfdab0
Event: 32.128 Thread 0x000002547ee08000 DEOPT UNPACKING pc=0x00000254000274af sp=0x0000008c3fdfda50 mode 2
Event: 32.128 Thread 0x000002547ee08000 Uncommon trap: trap_request=0xffffffd6 fr.pc=0x0000025407e6aa7c relative=0x000000000000015c
Event: 32.128 Thread 0x000002547ee08000 Uncommon trap: reason=array_check action=maybe_recompile pc=0x0000025407e6aa7c method=org.eclipse.xtext.xbase.lib.Conversions$WrappedArray.set(ILjava/lang/Object;)Ljava/lang/Object; @ 13 c2
Event: 32.128 Thread 0x000002547ee08000 DEOPT PACKING pc=0x0000025407e6aa7c sp=0x0000008c3fdfdab0
Event: 32.128 Thread 0x000002547ee08000 DEOPT UNPACKING pc=0x00000254000274af sp=0x0000008c3fdfda50 mode 2
Event: 78.542 Thread 0x000002547f33b000 Uncommon trap: trap_request=0xffffff4d fr.pc=0x0000025407e4ed44 relative=0x00000000000000a4
Event: 78.542 Thread 0x000002547f33b000 Uncommon trap: reason=unstable_if action=reinterpret pc=0x0000025407e4ed44 method=java.util.concurrent.locks.AbstractQueuedSynchronizer.release(I)Z @ 21 c2
Event: 78.542 Thread 0x000002547f33b000 DEOPT PACKING pc=0x0000025407e4ed44 sp=0x0000008c3ffff190
Event: 78.542 Thread 0x000002547f33b000 DEOPT UNPACKING pc=0x00000254000274af sp=0x0000008c3ffff0d8 mode 2
Event: 123.336 Thread 0x000002547ee08000 Uncommon trap: trap_request=0xffffff4d fr.pc=0x0000025407e4e870 relative=0x00000000000001b0
Event: 124.199 Thread 0x000002547ee08000 Uncommon trap: reason=unstable_if action=reinterpret pc=0x0000025407e4e870 method=java.util.concurrent.locks.ReentrantReadWriteLock$Sync.tryAcquire(I)Z @ 80 c2
Event: 124.199 Thread 0x000002547ee08000 DEOPT PACKING pc=0x0000025407e4e870 sp=0x0000008c3fdfd990
Event: 124.233 Thread 0x000002547ee08000 DEOPT UNPACKING pc=0x00000254000274af sp=0x0000008c3fdfd860 mode 2
Event: 185.589 Thread 0x000002547ee08000 Uncommon trap: trap_request=0xffffff4d fr.pc=0x0000025407c4d320 relative=0x0000000000000180
Event: 185.589 Thread 0x000002547ee08000 Uncommon trap: reason=unstable_if action=reinterpret pc=0x0000025407c4d320 method=java.util.concurrent.locks.ReentrantReadWriteLock$Sync.tryAcquire(I)Z @ 80 c2
Event: 185.689 Thread 0x000002547ee08000 DEOPT PACKING pc=0x0000025407c4d320 sp=0x0000008c3fdfd590
Event: 186.690 Thread 0x000002547ee08000 DEOPT UNPACKING pc=0x00000254000274af sp=0x0000008c3fdfd528 mode 2

Classes redefined (0 events):
No events

Internal exceptions (20 events):
Event: 3.844 Thread 0x0000025471018800 Exception <a 'java/io/FileNotFoundException'{0x00000000c4a05830}> (0x00000000c4a05830) thrown at [./src/hotspot/share/prims/jni.cpp, line 615]
Event: 3.850 Thread 0x0000025471018800 Exception <a 'java/io/FileNotFoundException'{0x00000000c4a16b70}> (0x00000000c4a16b70) thrown at [./src/hotspot/share/prims/jni.cpp, line 615]
Event: 3.860 Thread 0x0000025471018800 Exception <a 'java/io/FileNotFoundException'{0x00000000c4a60108}> (0x00000000c4a60108) thrown at [./src/hotspot/share/prims/jni.cpp, line 615]
Event: 3.913 Thread 0x0000025471018800 Exception <a 'java/io/FileNotFoundException'{0x00000000c4973b48}> (0x00000000c4973b48) thrown at [./src/hotspot/share/prims/jni.cpp, line 615]
Event: 3.921 Thread 0x0000025471018800 Exception <a 'java/io/FileNotFoundException'{0x00000000c49ad2c0}> (0x00000000c49ad2c0) thrown at [./src/hotspot/share/prims/jni.cpp, line 615]
Event: 4.112 Thread 0x0000025471018800 Exception <a 'java/lang/reflect/InvocationTargetException'{0x00000000c5bdfea8}> (0x00000000c5bdfea8) thrown at [./src/hotspot/share/runtime/reflection.cpp, line 1247]
Event: 4.114 Thread 0x0000025471018800 Exception <a 'java/lang/reflect/InvocationTargetException'{0x00000000c5a009a0}> (0x00000000c5a009a0) thrown at [./src/hotspot/share/runtime/reflection.cpp, line 1247]
Event: 4.116 Thread 0x0000025471018800 Exception <a 'java/lang/reflect/InvocationTargetException'{0x00000000c5a20d48}> (0x00000000c5a20d48) thrown at [./src/hotspot/share/runtime/reflection.cpp, line 1247]
Event: 4.121 Thread 0x0000025471018800 Exception <a 'java/lang/reflect/InvocationTargetException'{0x00000000c5a66d28}> (0x00000000c5a66d28) thrown at [./src/hotspot/share/runtime/reflection.cpp, line 1247]
Event: 4.123 Thread 0x0000025471018800 Exception <a 'java/lang/reflect/InvocationTargetException'{0x00000000c5a87308}> (0x00000000c5a87308) thrown at [./src/hotspot/share/runtime/reflection.cpp, line 1247]
Event: 4.125 Thread 0x0000025471018800 Exception <a 'java/lang/reflect/InvocationTargetException'{0x00000000c5aa76b0}> (0x00000000c5aa76b0) thrown at [./src/hotspot/share/runtime/reflection.cpp, line 1247]
Event: 4.399 Thread 0x0000025471018800 Exception <a 'java/lang/NoSuchMethodError'{0x00000000c4f81a28}: 'java.lang.Object java.lang.invoke.DirectMethodHandle$Holder.invokeStaticInit(java.lang.Object, int, int, int, int)'> (0x00000000c4f81a28) thrown at [./src/hotspot/share/interpreter/linkResolver.cpp, line 773]
Event: 4.808 Thread 0x0000025471018800 Exception <a 'java/lang/NoSuchMethodError'{0x00000000c4fd8920}: 'java.lang.Object java.lang.invoke.DirectMethodHandle$Holder.invokeStaticInit(java.lang.Object, java.lang.Object, int, int, int, int)'> (0x00000000c4fd8920) thrown at [./src/hotspot/share/interpreter/linkResolver.cpp, line 773]
Event: 4.839 Thread 0x0000025471018800 Exception <a 'java/security/PrivilegedActionException'{0x00000000c4e8c3a0}> (0x00000000c4e8c3a0) thrown at [./src/hotspot/share/prims/jvm.cpp, line 1297]
Event: 4.839 Thread 0x0000025471018800 Exception <a 'java/security/PrivilegedActionException'{0x00000000c4e8dae8}> (0x00000000c4e8dae8) thrown at [./src/hotspot/share/prims/jvm.cpp, line 1297]
Event: 4.839 Thread 0x0000025471018800 Exception <a 'java/security/PrivilegedActionException'{0x00000000c4e8f150}> (0x00000000c4e8f150) thrown at [./src/hotspot/share/prims/jvm.cpp, line 1297]
Event: 4.841 Thread 0x0000025471018800 Exception <a 'java/security/PrivilegedActionException'{0x00000000c4e9bc28}> (0x00000000c4e9bc28) thrown at [./src/hotspot/share/prims/jvm.cpp, line 1297]
Event: 4.841 Thread 0x0000025471018800 Exception <a 'java/security/PrivilegedActionException'{0x00000000c4e9d288}> (0x00000000c4e9d288) thrown at [./src/hotspot/share/prims/jvm.cpp, line 1297]
Event: 4.841 Thread 0x0000025471018800 Exception <a 'java/security/PrivilegedActionException'{0x00000000c4e9e8a8}> (0x00000000c4e9e8a8) thrown at [./src/hotspot/share/prims/jvm.cpp, line 1297]
Event: 5.406 Thread 0x000002547ee08000 Exception <a 'java/lang/NoSuchMethodError'{0x00000000c6049f78}: 'int java.lang.invoke.DirectMethodHandle$Holder.invokeSpecialIFC(java.lang.Object, java.lang.Object, int)'> (0x00000000c6049f78) thrown at [./src/hotspot/share/interpreter/linkResolver.cpp, line 773]

Events (20 events):
Event: 216.896 Executing VM operation: G1CollectForAllocation
Event: 217.567 Executing VM operation: G1CollectForAllocation done
Event: 221.476 Executing VM operation: G1CollectForAllocation
Event: 221.762 Executing VM operation: G1CollectForAllocation done
Event: 221.932 Executing VM operation: G1CollectForAllocation
Event: 222.055 Executing VM operation: G1CollectForAllocation done
Event: 224.729 Executing VM operation: G1CollectForAllocation
Event: 224.730 Executing VM operation: G1CollectForAllocation done
Event: 229.915 Executing VM operation: G1CollectForAllocation
Event: 229.916 Executing VM operation: G1CollectForAllocation done
Event: 234.385 Executing VM operation: G1CollectForAllocation
Event: 234.462 Executing VM operation: G1CollectForAllocation done
Event: 238.368 Executing VM operation: G1CollectForAllocation
Event: 238.625 Executing VM operation: G1CollectForAllocation done
Event: 243.718 Executing VM operation: G1CollectForAllocation
Event: 243.912 Executing VM operation: G1CollectForAllocation done
Event: 248.871 Executing VM operation: G1CollectForAllocation
Event: 248.872 Executing VM operation: G1CollectForAllocation done
Event: 259.521 Executing VM operation: G1CollectForAllocation
Event: 259.523 Executing VM operation: G1CollectForAllocation done


Dynamic libraries:
0x00007ff688cf0000 - 0x00007ff688cfd000 	C:\Program Files\AdoptOpenJDK\jdk-11.0.8.10-hotspot\bin\javaw.exe
0x00007ffbf1fa0000 - 0x00007ffbf2190000 	C:\WINDOWS\SYSTEM32\ntdll.dll
0x00007ffbf0130000 - 0x00007ffbf01e2000 	C:\WINDOWS\System32\KERNEL32.DLL
0x00007ffbefd90000 - 0x00007ffbf0035000 	C:\WINDOWS\System32\KERNELBASE.dll
0x00007ffbec9a0000 - 0x00007ffbeca2f000 	C:\WINDOWS\SYSTEM32\apphelp.dll
0x00007ffbefc90000 - 0x00007ffbefd8a000 	C:\WINDOWS\System32\ucrtbase.dll
0x00007ffbde360000 - 0x00007ffbde375000 	C:\Program Files\AdoptOpenJDK\jdk-11.0.8.10-hotspot\bin\VCRUNTIME140.dll
0x00007ffbde040000 - 0x00007ffbde057000 	C:\Program Files\AdoptOpenJDK\jdk-11.0.8.10-hotspot\bin\jli.dll
0x00007ffbf0410000 - 0x00007ffbf05a5000 	C:\WINDOWS\System32\USER32.dll
0x00007ffbef860000 - 0x00007ffbef881000 	C:\WINDOWS\System32\win32u.dll
0x00007ffbf03e0000 - 0x00007ffbf0406000 	C:\WINDOWS\System32\GDI32.dll
0x00007ffbe8510000 - 0x00007ffbe8794000 	C:\WINDOWS\WinSxS\amd64_microsoft.windows.common-controls_6595b64144ccf1df_6.0.18362.1082_none_9e8193e1e45b25c1\COMCTL32.dll
0x00007ffbefaf0000 - 0x00007ffbefc86000 	C:\WINDOWS\System32\gdi32full.dll
0x00007ffbef790000 - 0x00007ffbef82e000 	C:\WINDOWS\System32\msvcp_win.dll
0x00007ffbf11d0000 - 0x00007ffbf126e000 	C:\WINDOWS\System32\msvcrt.dll
0x00007ffbf1860000 - 0x00007ffbf1b95000 	C:\WINDOWS\System32\combase.dll
0x00007ffbf15a0000 - 0x00007ffbf16c0000 	C:\WINDOWS\System32\RPCRT4.dll
0x00007ffbf00b0000 - 0x00007ffbf0130000 	C:\WINDOWS\System32\bcryptPrimitives.dll
0x00007ffbf01f0000 - 0x00007ffbf021e000 	C:\WINDOWS\System32\IMM32.DLL
0x00007ffbdb670000 - 0x00007ffbdb70b000 	C:\Program Files\AdoptOpenJDK\jdk-11.0.8.10-hotspot\bin\msvcp140.dll
0x00007ffbbaf00000 - 0x00007ffbbb9bd000 	C:\Program Files\AdoptOpenJDK\jdk-11.0.8.10-hotspot\bin\server\jvm.dll
0x00007ffbf05b0000 - 0x00007ffbf0653000 	C:\WINDOWS\System32\ADVAPI32.dll
0x00007ffbf1d80000 - 0x00007ffbf1e17000 	C:\WINDOWS\System32\sechost.dll
0x00007ffbf0660000 - 0x00007ffbf0668000 	C:\WINDOWS\System32\PSAPI.DLL
0x00007ffbecc60000 - 0x00007ffbecc69000 	C:\WINDOWS\SYSTEM32\WSOCK32.dll
0x00007ffbf1530000 - 0x00007ffbf159f000 	C:\WINDOWS\System32\WS2_32.dll
0x00007ffbed040000 - 0x00007ffbed064000 	C:\WINDOWS\SYSTEM32\WINMM.dll
0x00007ffbe7ce0000 - 0x00007ffbe7cea000 	C:\WINDOWS\SYSTEM32\VERSION.dll
0x00007ffbed010000 - 0x00007ffbed03d000 	C:\WINDOWS\SYSTEM32\WINMMBASE.dll
0x00007ffbf0040000 - 0x00007ffbf008a000 	C:\WINDOWS\System32\cfgmgr32.dll
0x00007ffbeef50000 - 0x00007ffbeef61000 	C:\WINDOWS\System32\kernel.appcore.dll
0x00007ffbecc30000 - 0x00007ffbecc40000 	C:\Program Files\AdoptOpenJDK\jdk-11.0.8.10-hotspot\bin\verify.dll
0x00007ffbda970000 - 0x00007ffbdab64000 	C:\WINDOWS\SYSTEM32\DBGHELP.DLL
0x00007ffbda830000 - 0x00007ffbda85a000 	C:\WINDOWS\SYSTEM32\dbgcore.DLL
0x00007ffbe1d40000 - 0x00007ffbe1d68000 	C:\Program Files\AdoptOpenJDK\jdk-11.0.8.10-hotspot\bin\java.dll
0x00007ffbea8f0000 - 0x00007ffbea8fa000 	C:\Program Files\AdoptOpenJDK\jdk-11.0.8.10-hotspot\bin\jimage.dll
0x00007ffbe80b0000 - 0x00007ffbe80c7000 	C:\Program Files\AdoptOpenJDK\jdk-11.0.8.10-hotspot\bin\zip.dll
0x00007ffbf0ae0000 - 0x00007ffbf11c7000 	C:\WINDOWS\System32\SHELL32.dll
0x00007ffbf0220000 - 0x00007ffbf02c9000 	C:\WINDOWS\System32\shcore.dll
0x00007ffbef010000 - 0x00007ffbef790000 	C:\WINDOWS\System32\windows.storage.dll
0x00007ffbeefc0000 - 0x00007ffbeefe3000 	C:\WINDOWS\System32\profapi.dll
0x00007ffbeef70000 - 0x00007ffbeefba000 	C:\WINDOWS\System32\powrprof.dll
0x00007ffbeef40000 - 0x00007ffbeef50000 	C:\WINDOWS\System32\UMPDC.dll
0x00007ffbf02d0000 - 0x00007ffbf0322000 	C:\WINDOWS\System32\shlwapi.dll
0x00007ffbf0090000 - 0x00007ffbf00a7000 	C:\WINDOWS\System32\cryptsp.dll
0x00007ffbe2190000 - 0x00007ffbe21a9000 	C:\Program Files\AdoptOpenJDK\jdk-11.0.8.10-hotspot\bin\net.dll
0x00007ffbe7940000 - 0x00007ffbe7a30000 	C:\WINDOWS\SYSTEM32\WINHTTP.dll
0x00007ffbee790000 - 0x00007ffbee7f7000 	C:\WINDOWS\system32\mswsock.dll
0x00007ffbe16b0000 - 0x00007ffbe16c2000 	C:\Program Files\AdoptOpenJDK\jdk-11.0.8.10-hotspot\bin\nio.dll
0x0000000065580000 - 0x0000000065616000 	C:\Users\Camila\AppData\Local\Temp\libgdxCamila\12dfaa03\gdx64.dll
0x00007ffbee300000 - 0x00007ffbee333000 	C:\WINDOWS\system32\rsaenh.dll
0x00007ffbef830000 - 0x00007ffbef856000 	C:\WINDOWS\System32\bcrypt.dll
0x00007ffbeee60000 - 0x00007ffbeee85000 	C:\WINDOWS\SYSTEM32\USERENV.dll
0x00007ffbee960000 - 0x00007ffbee96c000 	C:\WINDOWS\SYSTEM32\CRYPTBASE.dll
0x00007ffbee4a0000 - 0x00007ffbee4da000 	C:\WINDOWS\SYSTEM32\IPHLPAPI.DLL
0x00007ffbf1520000 - 0x00007ffbf1528000 	C:\WINDOWS\System32\NSI.dll
0x00007ffbe28d0000 - 0x00007ffbe28e6000 	C:\WINDOWS\SYSTEM32\dhcpcsvc6.DLL
0x00007ffbe54e0000 - 0x00007ffbe54fc000 	C:\WINDOWS\SYSTEM32\dhcpcsvc.DLL
0x00007ffbee4e0000 - 0x00007ffbee5ab000 	C:\WINDOWS\SYSTEM32\DNSAPI.dll
0x0000000180000000 - 0x0000000180053000 	C:\Users\Camila\AppData\Local\Temp\libgdxCamila\dc0f0009\lwjgl64.dll
0x00007ffbcff30000 - 0x00007ffbd0086000 	C:\WINDOWS\SYSTEM32\OPENGL32.dll
0x00007ffbeaa50000 - 0x00007ffbeaa7c000 	C:\WINDOWS\SYSTEM32\GLU32.dll
0x00007ffbedb90000 - 0x00007ffbedbb0000 	C:\WINDOWS\SYSTEM32\dxcore.dll
0x0000025411730000 - 0x0000025411794000 	C:\Users\Camila\AppData\Local\Temp\libgdxCamila\dc0f0009\OpenAL64.dll
0x00007ffbf1270000 - 0x00007ffbf13c7000 	C:\WINDOWS\System32\ole32.dll
0x00007ffbed270000 - 0x00007ffbed309000 	C:\WINDOWS\system32\uxtheme.dll
0x00007ffbf0330000 - 0x00007ffbf03d2000 	C:\WINDOWS\System32\clbcatq.dll
0x00007ffbbd260000 - 0x00007ffbbd2f9000 	C:\WINDOWS\SYSTEM32\dsound.dll
0x00007ffbe2850000 - 0x00007ffbe28c2000 	C:\WINDOWS\System32\MMDevApi.dll
0x00007ffbeed30000 - 0x00007ffbeed5a000 	C:\WINDOWS\System32\DEVOBJ.dll
0x00007ffbe2530000 - 0x00007ffbe268d000 	C:\WINDOWS\SYSTEM32\AUDIOSES.DLL
0x00007ffbf1450000 - 0x00007ffbf1515000 	C:\WINDOWS\System32\OLEAUT32.dll
0x00007ffbeac50000 - 0x00007ffbeada3000 	C:\WINDOWS\SYSTEM32\wintypes.dll
0x00007ffbed600000 - 0x00007ffbed614000 	C:\WINDOWS\SYSTEM32\resourcepolicyclient.dll
0x00007ffbeb2b0000 - 0x00007ffbeb35e000 	C:\WINDOWS\SYSTEM32\mscms.dll
0x00007ffbeb1b0000 - 0x00007ffbeb1c7000 	C:\WINDOWS\SYSTEM32\ColorAdapterClient.dll
0x00007ffbe7190000 - 0x00007ffbe71aa000 	C:\Windows\System32\Windows.Internal.Graphics.Display.DisplayColorManagement.dll
0x00007ffbf1e20000 - 0x00007ffbf1f55000 	C:\WINDOWS\System32\MSCTF.dll
0x00007ffbb9ba0000 - 0x00007ffbbaabb000 	C:\WINDOWS\System32\DriverStore\FileRepository\igdlh64.inf_amd64_bdd37d808cfdf045\ig9icd64.dll
0x00007ffbed5d0000 - 0x00007ffbed5fd000 	C:\WINDOWS\system32\dwmapi.dll
0x00007ffbedc20000 - 0x00007ffbedd0b000 	C:\WINDOWS\system32\dxgi.dll
0x00007ffbe5590000 - 0x00007ffbe5734000 	C:\WINDOWS\System32\DriverStore\FileRepository\igdlh64.inf_amd64_bdd37d808cfdf045\igdgmm64.dll
0x00007ffbe0ca0000 - 0x00007ffbe0d3e000 	C:\WINDOWS\System32\TextInputFramework.dll
0x00007ffbe9980000 - 0x00007ffbe9caa000 	C:\WINDOWS\System32\CoreUIComponents.dll
0x00007ffbec3b0000 - 0x00007ffbec484000 	C:\WINDOWS\System32\CoreMessaging.dll
0x00007ffbedf80000 - 0x00007ffbedfb1000 	C:\WINDOWS\SYSTEM32\ntmarta.dll
0x00007ffbdf770000 - 0x00007ffbdfa16000 	C:\WINDOWS\System32\iertutil.dll
0x00007ffbde0f0000 - 0x00007ffbde133000 	C:\WINDOWS\SYSTEM32\icm32.dll
0x00007ffbe2fb0000 - 0x00007ffbe544b000 	C:\WINDOWS\System32\DriverStore\FileRepository\igdlh64.inf_amd64_bdd37d808cfdf045\igc64.dll

dbghelp: loaded successfully - version: 4.0.5 - missing functions: none
symbol engine: initialized successfully - sym options: 0x614 - pdb path: .;C:\Program Files\AdoptOpenJDK\jdk-11.0.8.10-hotspot\bin;C:\WINDOWS\SYSTEM32;C:\WINDOWS\WinSxS\amd64_microsoft.windows.common-controls_6595b64144ccf1df_6.0.18362.1082_none_9e8193e1e45b25c1;C:\Program Files\AdoptOpenJDK\jdk-11.0.8.10-hotspot\bin\server;C:\Users\Camila\AppData\Local\Temp\libgdxCamila\12dfaa03;C:\Users\Camila\AppData\Local\Temp\libgdxCamila\dc0f0009;C:\WINDOWS\System32\DriverStore\FileRepository\igdlh64.inf_amd64_bdd37d808cfdf045

VM Arguments:
jvm_args: -Duser.language=es_AR -Dfile.encoding=UTF-8 
java_command: org.uqbar.project.wollok.launch.WollokLauncher -requestsPort 0 -eventsPort 0 -folder -dontValidate -wf src/game.wpgm
java_class_path (initial): C:\wollok-win32.win32.x86_64\workspace\git\2020-o-tpi-juego-wololo\bin;C:\wollok-win32.win32.x86_64\plugins\com.ibm.icu_64.2.0.v20190507-1337.jar;C:\wollok-win32.win32.x86_64\plugins\org.eclipse.xtext_2.20.0.v20191202-0915.jar;C:\wollok-win32.win32.x86_64\plugins\org.eclipse.emf.ecore.xmi_2.16.0.v20190528-0725.jar;C:\wollok-win32.win32.x86_64\plugins\org.eclipse.emf.ecore_2.20.0.v20190920-0401.jar;C:\wollok-win32.win32.x86_64\plugins\org.eclipse.emf.common_2.17.0.v20190920-0401.jar;C:\wollok-win32.win32.x86_64\plugins\org.antlr.runtime_3.2.0.v201101311130.jar;C:\wollok-win32.win32.x86_64\plugins\com.google.inject_3.0.0.v201605172100.jar;C:\wollok-win32.win32.x86_64\plugins\org.eclipse.emf.mwe.core_1.5.1.v20191121-1148.jar;C:\wollok-win32.win32.x86_64\plugins\org.apache.commons.cli_1.2.0.v201404270220.jar;C:\wollok-win32.win32.x86_64\plugins\org.eclipse.emf.mwe2.runtime_2.11.1.v20191121-1148.jar;C:\wollok-win32.win32.x86_64\plugins\org.eclipse.emf.mwe.utils_1.5.1.v20191121-1148.jar;C:\wollok-win32.win32.x86_64\plugins\org.eclipse.xtext.util_2.20.0.v20191202-0915.jar;C:\wollok-win32.win32.x86_64\plugins\com.google.guava_27.1.0.v20190517-1946.jar;C:\wollok-win32.win32.x86_64\plugins\javax.inject_1.0.0.v20091030.jar;C:\wollok-win32.win32.x86_64\plugins\org.eclipse.xtext.generator_2.20.0.v20191202-0933.jar;C:\wollok-win32.win32.x86_64\plugins\org.eclipse.xtext.xtext.generator_2.20.0.v20191202-0915.jar;C:\wollok-win32.win32.x86_64\plugins\org.eclipse.xtext.xbase.lib_2.20.0.v20191202-0907.jar;C:\wollok-win32.win32.x86_64\plugins\org.eclipse.emf.codegen.ecore_2.20.0.v20191012-0918.jar;C:\wollok-win32.win32.x86_64\plugins\org.eclipse.emf.codegen_2.19.0.v20190821-1536.jar;C:\wollok-win32.win32.x86_64\plugins\org.eclipse.xtend_2.2.0.v201605260315.jar;C:\wollok-win32.win32.x86_64\plugins\org.eclipse.xpand_2.2.0.v201605260315.jar;C:\wollok-win32.win32.x86_64\plugins\org.eclipse.xtend.typesystem.emf_2.2.0.v201605260315.jar;C:\wollok-win32.win32.x86_64
Launcher Type: SUN_STANDARD

[Global flags]
     intx CICompilerCount                          = 3                                         {product} {ergonomic}
     uint ConcGCThreads                            = 1                                         {product} {ergonomic}
     uint G1ConcRefinementThreads                  = 4                                         {product} {ergonomic}
   size_t G1HeapRegionSize                         = 1048576                                   {product} {ergonomic}
    uintx GCDrainStackTargetSize                   = 64                                        {product} {ergonomic}
   size_t InitialHeapSize                          = 67108864                                  {product} {ergonomic}
   size_t MarkStackSize                            = 4194304                                   {product} {ergonomic}
   size_t MaxHeapSize                              = 1052770304                                {product} {ergonomic}
   size_t MaxNewSize                               = 631242752                                 {product} {ergonomic}
   size_t MinHeapDeltaBytes                        = 1048576                                   {product} {ergonomic}
    uintx NonNMethodCodeHeapSize                   = 5830732                                {pd product} {ergonomic}
    uintx NonProfiledCodeHeapSize                  = 122913754                              {pd product} {ergonomic}
    uintx ProfiledCodeHeapSize                     = 122913754                              {pd product} {ergonomic}
    uintx ReservedCodeCacheSize                    = 251658240                              {pd product} {ergonomic}
     bool SegmentedCodeCache                       = true                                      {product} {ergonomic}
     bool UseCompressedClassPointers               = true                                 {lp64_product} {ergonomic}
     bool UseCompressedOops                        = true                                 {lp64_product} {ergonomic}
     bool UseG1GC                                  = true                                      {product} {ergonomic}
     bool UseLargePagesIndividualAllocation        = false                                  {pd product} {ergonomic}

Logging:
Log output configuration:
 #0: stdout all=warning uptime,level,tags
 #1: stderr all=off uptime,level,tags

Environment Variables:
PATH=C:/Program Files/AdoptOpenJDK/jdk-11.0.8.10-hotspot/bin/client;C:/Program Files/AdoptOpenJDK/jdk-11.0.8.10-hotspot/bin;C:\Program Files\AdoptOpenJDK\jdk-11.0.8.10-hotspot\bin;C:\WINDOWS\system32;C:\WINDOWS;C:\WINDOWS\System32\Wbem;C:\WINDOWS\System32\WindowsPowerShell\v1.0\;C:\WINDOWS\System32\OpenSSH\;C:\Program Files\dotnet\;C:\MinGW\bin;C:\Program Files\swipl\bin;C:\Flex_y_Bison\lib;C:\Flex_y_Bison\bin;C:\Program Files\Git\cmd;C:\Users\Camila\AppData\Roaming\local\bin;C:\Users\Camila\AppData\Local\Microsoft\WindowsApps;C:\Users\Camila\AppData\Local\Programs\Microsoft VS Code\bin;C:\wollok-win32.win32.x86_64;
USERNAME=Camila
OS=Windows_NT
PROCESSOR_IDENTIFIER=Intel64 Family 6 Model 78 Stepping 3, GenuineIntel



---------------  S Y S T E M  ---------------

OS: Windows 10 , 64 bit Build 18362 (10.0.18362.1082)
OS uptime: 2 days 1:24 hours

CPU:total 4 (initial active 4) (2 cores per cpu, 2 threads per core) family 6 model 78 stepping 3, cmov, cx8, fxsr, mmx, sse, sse2, sse3, ssse3, sse4.1, sse4.2, popcnt, avx, avx2, aes, clmul, erms, 3dnowpref, lzcnt, ht, tsc, tscinvbit, bmi1, bmi2, adx, fma

Memory: 4k page, system-wide physical 4015M (1956M free)
TotalPageFile size 8562M (AvailPageFile size 2773M)
current process WorkingSet (physical memory assigned to process): 239M, peak: 1366M
current process commit charge ("private bytes"): 617M, peak: 2319M

vm_info: OpenJDK 64-Bit Server VM (11.0.8+10) for windows-amd64 JRE (11.0.8+10), built on Jul 15 2020 11:45:54 by "" with MS VC++ 15.9 (VS2017)

END.
